<?xml version="1.0" encoding="UTF-8" standalone="no"?>
<!DOCTYPE log SYSTEM "logger.dtd">
<log>
<record>
  <date>2018-07-05T12:27:43</date>
  <millis>1530773863841</millis>
  <sequence>0</sequence>
  <level>START</level>
  <class>com.kms.katalon.core.logging.KeywordLogger</class>
  <method>startSuite</method>
  <thread>1</thread>
  <message>Start Test Suite : Test Suites/New Suite</message>
  <nestedLevel>0</nestedLevel>
  <property name="name">New Suite</property>
  <property name="description"></property>
  <property name="id">Test Suites/New Suite</property>
</record>
<record>
  <date>2018-07-05T12:27:43</date>
  <millis>1530773863883</millis>
  <sequence>1</sequence>
  <level>RUN_DATA</level>
  <class>com.kms.katalon.core.logging.KeywordLogger</class>
  <method>logMessage</method>
  <thread>1</thread>
  <message>Logging run data &amp;apos;hostName&amp;apos; with value &amp;apos;Ankur.Jain - LT0021232.in.ril.com&amp;apos;</message>
  <nestedLevel>0</nestedLevel>
  <property name="hostName">Ankur.Jain - LT0021232.in.ril.com</property>
</record>
<record>
  <date>2018-07-05T12:27:43</date>
  <millis>1530773863886</millis>
  <sequence>2</sequence>
  <level>RUN_DATA</level>
  <class>com.kms.katalon.core.logging.KeywordLogger</class>
  <method>logMessage</method>
  <thread>1</thread>
  <message>Logging run data &amp;apos;os&amp;apos; with value &amp;apos;Windows 7 64bit&amp;apos;</message>
  <nestedLevel>0</nestedLevel>
  <property name="os">Windows 7 64bit</property>
</record>
<record>
  <date>2018-07-05T12:27:43</date>
  <millis>1530773863918</millis>
  <sequence>3</sequence>
  <level>RUN_DATA</level>
  <class>com.kms.katalon.core.logging.KeywordLogger</class>
  <method>logMessage</method>
  <thread>1</thread>
  <message>Logging run data &amp;apos;hostAddress&amp;apos; with value &amp;apos;10.50.88.74&amp;apos;</message>
  <nestedLevel>0</nestedLevel>
  <property name="hostAddress">10.50.88.74</property>
</record>
<record>
  <date>2018-07-05T12:27:43</date>
  <millis>1530773863918</millis>
  <sequence>4</sequence>
  <level>RUN_DATA</level>
  <class>com.kms.katalon.core.logging.KeywordLogger</class>
  <method>logMessage</method>
  <thread>1</thread>
  <message>Logging run data &amp;apos;katalonVersion&amp;apos; with value &amp;apos;5.4.2.1&amp;apos;</message>
  <nestedLevel>0</nestedLevel>
  <property name="katalonVersion">5.4.2.1</property>
</record>
<record>
  <date>2018-07-05T12:27:44</date>
  <millis>1530773864958</millis>
  <sequence>5</sequence>
  <level>START</level>
  <class>com.kms.katalon.core.logging.KeywordLogger</class>
  <method>startTest</method>
  <thread>1</thread>
  <message>Start Test Case : Test Cases/Alert Manager Test Cases/Alert Manager_Search Screen/TC24_Validate Advance search through customer id</message>
  <nestedLevel>1</nestedLevel>
  <property name="name">Test Cases/Alert Manager Test Cases/Alert Manager_Search Screen/TC24_Validate Advance search through customer id</property>
  <property name="description"></property>
  <property name="id">Test Cases/Alert Manager Test Cases/Alert Manager_Search Screen/TC24_Validate Advance search through customer id</property>
  <property name="source">C:\\Users\\ankur.jain\\Katalon Studio\\Feedzai_Automation\\Test Cases\\Alert Manager Test Cases\\Alert Manager_Search Screen\\TC24_Validate Advance search through customer id.tc</property>
  <property name="isOptional">false</property>
</record>
<record>
  <date>2018-07-05T12:27:45</date>
  <millis>1530773865104</millis>
  <sequence>6</sequence>
  <level>INFO</level>
  <class>com.kms.katalon.core.logging.KeywordLogger</class>
  <method>logMessage</method>
  <thread>1</thread>
  <message>Evaluating variables for test case</message>
  <nestedLevel>1</nestedLevel>
</record>
<record>
  <date>2018-07-05T12:27:46</date>
  <millis>1530773866167</millis>
  <sequence>7</sequence>
  <level>START</level>
  <class>com.kms.katalon.core.logging.KeywordLogger</class>
  <method>startKeyword</method>
  <thread>1</thread>
  <message>Start action : openBrowser</message>
  <nestedLevel>1</nestedLevel>
  <property name="startLine">23</property>
  <property name="stepIndex">1</property>
</record>
<record>
  <date>2018-07-05T12:27:47</date>
  <millis>1530773867087</millis>
  <sequence>8</sequence>
  <level>INFO</level>
  <class>com.kms.katalon.core.logging.KeywordLogger</class>
  <method>logMessage</method>
  <thread>1</thread>
  <message>Opening browser</message>
  <nestedLevel>1</nestedLevel>
</record>
<record>
  <date>2018-07-05T12:27:47</date>
  <millis>1530773867153</millis>
  <sequence>9</sequence>
  <level>INFO</level>
  <class>com.kms.katalon.core.logging.KeywordLogger</class>
  <method>logMessage</method>
  <thread>1</thread>
  <message>Starting &amp;apos;Chrome&amp;apos; driver</message>
  <nestedLevel>1</nestedLevel>
</record>
<record>
  <date>2018-07-05T12:27:47</date>
  <millis>1530773867232</millis>
  <sequence>10</sequence>
  <level>INFO</level>
  <class>com.kms.katalon.core.logging.KeywordLogger</class>
  <method>logMessage</method>
  <thread>1</thread>
  <message>Action delay is set to 0 seconds</message>
  <nestedLevel>1</nestedLevel>
</record>
<record>
  <date>2018-07-05T12:27:54</date>
  <millis>1530773874919</millis>
  <sequence>12</sequence>
  <level>RUN_DATA</level>
  <class>com.kms.katalon.core.logging.KeywordLogger</class>
  <method>logMessage</method>
  <thread>1</thread>
  <message>Logging run data &amp;apos;sessionId&amp;apos; with value &amp;apos;1970b9e062bacdbf38c081b106e813fd&amp;apos;</message>
  <nestedLevel>1</nestedLevel>
  <property name="sessionId">1970b9e062bacdbf38c081b106e813fd</property>
</record>
<record>
  <date>2018-07-05T12:27:55</date>
  <millis>1530773875076</millis>
  <sequence>13</sequence>
  <level>RUN_DATA</level>
  <class>com.kms.katalon.core.logging.KeywordLogger</class>
  <method>logMessage</method>
  <thread>1</thread>
  <message>Logging run data &amp;apos;browser&amp;apos; with value &amp;apos;Chrome 67.0.3396.99&amp;apos;</message>
  <nestedLevel>1</nestedLevel>
  <property name="browser">Chrome 67.0.3396.99</property>
</record>
<record>
  <date>2018-07-05T12:27:55</date>
  <millis>1530773875080</millis>
  <sequence>14</sequence>
  <level>RUN_DATA</level>
  <class>com.kms.katalon.core.logging.KeywordLogger</class>
  <method>logMessage</method>
  <thread>1</thread>
  <message>Logging run data &amp;apos;platform&amp;apos; with value &amp;apos;Windows 7&amp;apos;</message>
  <nestedLevel>1</nestedLevel>
  <property name="platform">Windows 7</property>
</record>
<record>
  <date>2018-07-05T12:27:55</date>
  <millis>1530773875091</millis>
  <sequence>15</sequence>
  <level>RUN_DATA</level>
  <class>com.kms.katalon.core.logging.KeywordLogger</class>
  <method>logMessage</method>
  <thread>1</thread>
  <message>Logging run data &amp;apos;seleniumVersion&amp;apos; with value &amp;apos;3.7.1&amp;apos;</message>
  <nestedLevel>1</nestedLevel>
  <property name="seleniumVersion">3.7.1</property>
</record>
<record>
  <date>2018-07-05T12:27:55</date>
  <millis>1530773875096</millis>
  <sequence>16</sequence>
  <level>RUN_DATA</level>
  <class>com.kms.katalon.core.logging.KeywordLogger</class>
  <method>logMessage</method>
  <thread>1</thread>
  <message>Logging run data &amp;apos;proxyInformation&amp;apos; with value &amp;apos;ProxyInformation{proxyOption=NO_PROXY, proxyServerType=HTTP, password=, proxyServerAddress=, proxyServerPort=0}&amp;apos;</message>
  <nestedLevel>1</nestedLevel>
  <property name="proxyInformation">ProxyInformation{proxyOption=NO_PROXY, proxyServerType=HTTP, password=, proxyServerAddress=, proxyServerPort=0}</property>
</record>
<record>
  <date>2018-07-05T12:27:55</date>
  <millis>1530773875101</millis>
  <sequence>17</sequence>
  <level>PASSED</level>
  <class>com.kms.katalon.core.logging.KeywordLogger</class>
  <method>logMessage</method>
  <thread>1</thread>
  <message>Browser is opened with url: &amp;apos;&amp;apos;</message>
  <nestedLevel>1</nestedLevel>
</record>
<record>
  <date>2018-07-05T12:27:55</date>
  <millis>1530773875117</millis>
  <sequence>18</sequence>
  <level>END</level>
  <class>com.kms.katalon.core.logging.KeywordLogger</class>
  <method>endKeyword</method>
  <thread>1</thread>
  <message>End action : openBrowser</message>
  <nestedLevel>1</nestedLevel>
</record>
<record>
  <date>2018-07-05T12:27:55</date>
  <millis>1530773875136</millis>
  <sequence>19</sequence>
  <level>START</level>
  <class>com.kms.katalon.core.logging.KeywordLogger</class>
  <method>startKeyword</method>
  <thread>1</thread>
  <message>Start action : navigateToUrl</message>
  <nestedLevel>1</nestedLevel>
  <property name="startLine">25</property>
  <property name="stepIndex">2</property>
</record>
<record>
  <date>2018-07-05T12:27:55</date>
  <millis>1530773875234</millis>
  <sequence>20</sequence>
  <level>INFO</level>
  <class>com.kms.katalon.core.logging.KeywordLogger</class>
  <method>logMessage</method>
  <thread>1</thread>
  <message>Checking url</message>
  <nestedLevel>1</nestedLevel>
</record>
<record>
  <date>2018-07-05T12:27:55</date>
  <millis>1530773875243</millis>
  <sequence>21</sequence>
  <level>INFO</level>
  <class>com.kms.katalon.core.logging.KeywordLogger</class>
  <method>logMessage</method>
  <thread>1</thread>
  <message>Navigating to &amp;apos;https://10.130.236.51/#login&amp;apos;</message>
  <nestedLevel>1</nestedLevel>
</record>
<record>
  <date>2018-07-05T12:27:58</date>
  <millis>1530773878251</millis>
  <sequence>22</sequence>
  <level>PASSED</level>
  <class>com.kms.katalon.core.logging.KeywordLogger</class>
  <method>logMessage</method>
  <thread>1</thread>
  <message>Navigate to &amp;apos;https://10.130.236.51/#login&amp;apos; successfully</message>
  <nestedLevel>1</nestedLevel>
</record>
<record>
  <date>2018-07-05T12:27:58</date>
  <millis>1530773878257</millis>
  <sequence>23</sequence>
  <level>END</level>
  <class>com.kms.katalon.core.logging.KeywordLogger</class>
  <method>endKeyword</method>
  <thread>1</thread>
  <message>End action : navigateToUrl</message>
  <nestedLevel>1</nestedLevel>
</record>
<record>
  <date>2018-07-05T12:27:58</date>
  <millis>1530773878258</millis>
  <sequence>24</sequence>
  <level>START</level>
  <class>com.kms.katalon.core.logging.KeywordLogger</class>
  <method>startKeyword</method>
  <thread>1</thread>
  <message>Start action : setText</message>
  <nestedLevel>1</nestedLevel>
  <property name="startLine">27</property>
  <property name="stepIndex">3</property>
</record>
<record>
  <date>2018-07-05T12:27:58</date>
  <millis>1530773878279</millis>
  <sequence>25</sequence>
  <level>INFO</level>
  <class>com.kms.katalon.core.logging.KeywordLogger</class>
  <method>logMessage</method>
  <thread>1</thread>
  <message>Finding Test Object with id &amp;apos;Object Repository/TC_24_AM/input&amp;apos;</message>
  <nestedLevel>1</nestedLevel>
</record>
<record>
  <date>2018-07-05T12:27:58</date>
  <millis>1530773878370</millis>
  <sequence>26</sequence>
  <level>INFO</level>
  <class>com.kms.katalon.core.logging.KeywordLogger</class>
  <method>logMessage</method>
  <thread>1</thread>
  <message>Checking object</message>
  <nestedLevel>1</nestedLevel>
</record>
<record>
  <date>2018-07-05T12:27:58</date>
  <millis>1530773878377</millis>
  <sequence>27</sequence>
  <level>INFO</level>
  <class>com.kms.katalon.core.logging.KeywordLogger</class>
  <method>logMessage</method>
  <thread>1</thread>
  <message>Checking text</message>
  <nestedLevel>1</nestedLevel>
</record>
<record>
  <date>2018-07-05T12:27:58</date>
  <millis>1530773878380</millis>
  <sequence>28</sequence>
  <level>INFO</level>
  <class>com.kms.katalon.core.logging.KeywordLogger</class>
  <method>logMessage</method>
  <thread>1</thread>
  <message>Checking timeout</message>
  <nestedLevel>1</nestedLevel>
</record>
<record>
  <date>2018-07-05T12:27:58</date>
  <millis>1530773878417</millis>
  <sequence>29</sequence>
  <level>INFO</level>
  <class>com.kms.katalon.core.logging.KeywordLogger</class>
  <method>logMessage</method>
  <thread>1</thread>
  <message>Finding web element with id: &amp;apos;Object Repository/TC_24_AM/input&amp;apos; located by &amp;apos;By.xpath: //input[@type = &amp;apos;text&amp;apos; and @placeholder = &amp;apos;Username&amp;apos;]&amp;apos; in &amp;apos;30&amp;apos; second(s)</message>
  <nestedLevel>1</nestedLevel>
</record>
<record>
  <date>2018-07-05T12:28:17</date>
  <millis>1530773897008</millis>
  <sequence>30</sequence>
  <level>INFO</level>
  <class>com.kms.katalon.core.logging.KeywordLogger</class>
  <method>logMessage</method>
  <thread>1</thread>
  <message>Found 1 web elements with id: &amp;apos;Object Repository/TC_24_AM/input&amp;apos; located by &amp;apos;By.xpath: //input[@type = &amp;apos;text&amp;apos; and @placeholder = &amp;apos;Username&amp;apos;]&amp;apos; in &amp;apos;30&amp;apos; second(s)</message>
  <nestedLevel>1</nestedLevel>
</record>
<record>
  <date>2018-07-05T12:28:17</date>
  <millis>1530773897011</millis>
  <sequence>31</sequence>
  <level>INFO</level>
  <class>com.kms.katalon.core.logging.KeywordLogger</class>
  <method>logMessage</method>
  <thread>1</thread>
  <message>Clearing text of object &amp;apos;Object Repository/TC_24_AM/input&amp;apos;</message>
  <nestedLevel>1</nestedLevel>
</record>
<record>
  <date>2018-07-05T12:28:17</date>
  <millis>1530773897150</millis>
  <sequence>32</sequence>
  <level>INFO</level>
  <class>com.kms.katalon.core.logging.KeywordLogger</class>
  <method>logMessage</method>
  <thread>1</thread>
  <message>Checking timeout</message>
  <nestedLevel>1</nestedLevel>
</record>
<record>
  <date>2018-07-05T12:28:17</date>
  <millis>1530773897154</millis>
  <sequence>33</sequence>
  <level>INFO</level>
  <class>com.kms.katalon.core.logging.KeywordLogger</class>
  <method>logMessage</method>
  <thread>1</thread>
  <message>Finding web element with id: &amp;apos;Object Repository/TC_24_AM/input&amp;apos; located by &amp;apos;By.xpath: //input[@type = &amp;apos;text&amp;apos; and @placeholder = &amp;apos;Username&amp;apos;]&amp;apos; in &amp;apos;30&amp;apos; second(s)</message>
  <nestedLevel>1</nestedLevel>
</record>
<record>
  <date>2018-07-05T12:28:17</date>
  <millis>1530773897200</millis>
  <sequence>34</sequence>
  <level>INFO</level>
  <class>com.kms.katalon.core.logging.KeywordLogger</class>
  <method>logMessage</method>
  <thread>1</thread>
  <message>Found 1 web elements with id: &amp;apos;Object Repository/TC_24_AM/input&amp;apos; located by &amp;apos;By.xpath: //input[@type = &amp;apos;text&amp;apos; and @placeholder = &amp;apos;Username&amp;apos;]&amp;apos; in &amp;apos;30&amp;apos; second(s)</message>
  <nestedLevel>1</nestedLevel>
</record>
<record>
  <date>2018-07-05T12:28:17</date>
  <millis>1530773897220</millis>
  <sequence>35</sequence>
  <level>INFO</level>
  <class>com.kms.katalon.core.logging.KeywordLogger</class>
  <method>logMessage</method>
  <thread>1</thread>
  <message>Setting text of object &amp;apos;Object Repository/TC_24_AM/input&amp;apos; to value &amp;apos;Ankur.Jain&amp;apos;</message>
  <nestedLevel>1</nestedLevel>
</record>
<record>
  <date>2018-07-05T12:28:17</date>
  <millis>1530773897563</millis>
  <sequence>36</sequence>
  <level>PASSED</level>
  <class>com.kms.katalon.core.logging.KeywordLogger</class>
  <method>logMessage</method>
  <thread>1</thread>
  <message>Text &amp;apos;Ankur.Jain&amp;apos; is set on object &amp;apos;Object Repository/TC_24_AM/input&amp;apos;</message>
  <nestedLevel>1</nestedLevel>
</record>
<record>
  <date>2018-07-05T12:28:17</date>
  <millis>1530773897567</millis>
  <sequence>37</sequence>
  <level>END</level>
  <class>com.kms.katalon.core.logging.KeywordLogger</class>
  <method>endKeyword</method>
  <thread>1</thread>
  <message>End action : setText</message>
  <nestedLevel>1</nestedLevel>
</record>
<record>
  <date>2018-07-05T12:28:17</date>
  <millis>1530773897569</millis>
  <sequence>38</sequence>
  <level>START</level>
  <class>com.kms.katalon.core.logging.KeywordLogger</class>
  <method>startKeyword</method>
  <thread>1</thread>
  <message>Start action : setText</message>
  <nestedLevel>1</nestedLevel>
  <property name="startLine">29</property>
  <property name="stepIndex">4</property>
</record>
<record>
  <date>2018-07-05T12:28:17</date>
  <millis>1530773897575</millis>
  <sequence>39</sequence>
  <level>INFO</level>
  <class>com.kms.katalon.core.logging.KeywordLogger</class>
  <method>logMessage</method>
  <thread>1</thread>
  <message>Finding Test Object with id &amp;apos;Object Repository/TC_24_AM/input_1&amp;apos;</message>
  <nestedLevel>1</nestedLevel>
</record>
<record>
  <date>2018-07-05T12:28:17</date>
  <millis>1530773897601</millis>
  <sequence>40</sequence>
  <level>INFO</level>
  <class>com.kms.katalon.core.logging.KeywordLogger</class>
  <method>logMessage</method>
  <thread>1</thread>
  <message>Checking object</message>
  <nestedLevel>1</nestedLevel>
</record>
<record>
  <date>2018-07-05T12:28:17</date>
  <millis>1530773897603</millis>
  <sequence>41</sequence>
  <level>INFO</level>
  <class>com.kms.katalon.core.logging.KeywordLogger</class>
  <method>logMessage</method>
  <thread>1</thread>
  <message>Checking text</message>
  <nestedLevel>1</nestedLevel>
</record>
<record>
  <date>2018-07-05T12:28:17</date>
  <millis>1530773897603</millis>
  <sequence>42</sequence>
  <level>INFO</level>
  <class>com.kms.katalon.core.logging.KeywordLogger</class>
  <method>logMessage</method>
  <thread>1</thread>
  <message>Checking timeout</message>
  <nestedLevel>1</nestedLevel>
</record>
<record>
  <date>2018-07-05T12:28:17</date>
  <millis>1530773897606</millis>
  <sequence>43</sequence>
  <level>INFO</level>
  <class>com.kms.katalon.core.logging.KeywordLogger</class>
  <method>logMessage</method>
  <thread>1</thread>
  <message>Finding web element with id: &amp;apos;Object Repository/TC_24_AM/input_1&amp;apos; located by &amp;apos;By.xpath: //input[@type = &amp;apos;password&amp;apos; and @placeholder = &amp;apos;Password&amp;apos;]&amp;apos; in &amp;apos;30&amp;apos; second(s)</message>
  <nestedLevel>1</nestedLevel>
</record>
<record>
  <date>2018-07-05T12:28:17</date>
  <millis>1530773897662</millis>
  <sequence>44</sequence>
  <level>INFO</level>
  <class>com.kms.katalon.core.logging.KeywordLogger</class>
  <method>logMessage</method>
  <thread>1</thread>
  <message>Found 1 web elements with id: &amp;apos;Object Repository/TC_24_AM/input_1&amp;apos; located by &amp;apos;By.xpath: //input[@type = &amp;apos;password&amp;apos; and @placeholder = &amp;apos;Password&amp;apos;]&amp;apos; in &amp;apos;30&amp;apos; second(s)</message>
  <nestedLevel>1</nestedLevel>
</record>
<record>
  <date>2018-07-05T12:28:17</date>
  <millis>1530773897664</millis>
  <sequence>45</sequence>
  <level>INFO</level>
  <class>com.kms.katalon.core.logging.KeywordLogger</class>
  <method>logMessage</method>
  <thread>1</thread>
  <message>Clearing text of object &amp;apos;Object Repository/TC_24_AM/input_1&amp;apos;</message>
  <nestedLevel>1</nestedLevel>
</record>
<record>
  <date>2018-07-05T12:28:17</date>
  <millis>1530773897730</millis>
  <sequence>46</sequence>
  <level>INFO</level>
  <class>com.kms.katalon.core.logging.KeywordLogger</class>
  <method>logMessage</method>
  <thread>1</thread>
  <message>Checking timeout</message>
  <nestedLevel>1</nestedLevel>
</record>
<record>
  <date>2018-07-05T12:28:17</date>
  <millis>1530773897733</millis>
  <sequence>47</sequence>
  <level>INFO</level>
  <class>com.kms.katalon.core.logging.KeywordLogger</class>
  <method>logMessage</method>
  <thread>1</thread>
  <message>Finding web element with id: &amp;apos;Object Repository/TC_24_AM/input_1&amp;apos; located by &amp;apos;By.xpath: //input[@type = &amp;apos;password&amp;apos; and @placeholder = &amp;apos;Password&amp;apos;]&amp;apos; in &amp;apos;30&amp;apos; second(s)</message>
  <nestedLevel>1</nestedLevel>
</record>
<record>
  <date>2018-07-05T12:28:17</date>
  <millis>1530773897760</millis>
  <sequence>48</sequence>
  <level>INFO</level>
  <class>com.kms.katalon.core.logging.KeywordLogger</class>
  <method>logMessage</method>
  <thread>1</thread>
  <message>Found 1 web elements with id: &amp;apos;Object Repository/TC_24_AM/input_1&amp;apos; located by &amp;apos;By.xpath: //input[@type = &amp;apos;password&amp;apos; and @placeholder = &amp;apos;Password&amp;apos;]&amp;apos; in &amp;apos;30&amp;apos; second(s)</message>
  <nestedLevel>1</nestedLevel>
</record>
<record>
  <date>2018-07-05T12:28:17</date>
  <millis>1530773897763</millis>
  <sequence>49</sequence>
  <level>INFO</level>
  <class>com.kms.katalon.core.logging.KeywordLogger</class>
  <method>logMessage</method>
  <thread>1</thread>
  <message>Setting text of object &amp;apos;Object Repository/TC_24_AM/input_1&amp;apos; to value &amp;apos;Word02Pass&amp;apos;</message>
  <nestedLevel>1</nestedLevel>
</record>
<record>
  <date>2018-07-05T12:28:18</date>
  <millis>1530773898040</millis>
  <sequence>50</sequence>
  <level>PASSED</level>
  <class>com.kms.katalon.core.logging.KeywordLogger</class>
  <method>logMessage</method>
  <thread>1</thread>
  <message>Text &amp;apos;Word02Pass&amp;apos; is set on object &amp;apos;Object Repository/TC_24_AM/input_1&amp;apos;</message>
  <nestedLevel>1</nestedLevel>
</record>
<record>
  <date>2018-07-05T12:28:18</date>
  <millis>1530773898042</millis>
  <sequence>51</sequence>
  <level>END</level>
  <class>com.kms.katalon.core.logging.KeywordLogger</class>
  <method>endKeyword</method>
  <thread>1</thread>
  <message>End action : setText</message>
  <nestedLevel>1</nestedLevel>
</record>
<record>
  <date>2018-07-05T12:28:18</date>
  <millis>1530773898043</millis>
  <sequence>52</sequence>
  <level>START</level>
  <class>com.kms.katalon.core.logging.KeywordLogger</class>
  <method>startKeyword</method>
  <thread>1</thread>
  <message>Start action : sendKeys</message>
  <nestedLevel>1</nestedLevel>
  <property name="startLine">31</property>
  <property name="stepIndex">5</property>
</record>
<record>
  <date>2018-07-05T12:28:18</date>
  <millis>1530773898048</millis>
  <sequence>53</sequence>
  <level>INFO</level>
  <class>com.kms.katalon.core.logging.KeywordLogger</class>
  <method>logMessage</method>
  <thread>1</thread>
  <message>Finding Test Object with id &amp;apos;Object Repository/TC_24_AM/input_1&amp;apos;</message>
  <nestedLevel>1</nestedLevel>
</record>
<record>
  <date>2018-07-05T12:28:18</date>
  <millis>1530773898112</millis>
  <sequence>54</sequence>
  <level>INFO</level>
  <class>com.kms.katalon.core.logging.KeywordLogger</class>
  <method>logMessage</method>
  <thread>1</thread>
  <message>Sending keys &amp;apos;ENTER + &amp;apos; to object: &amp;apos;Object Repository/TC_24_AM/input_1&amp;apos;</message>
  <nestedLevel>1</nestedLevel>
</record>
<record>
  <date>2018-07-05T12:28:18</date>
  <millis>1530773898114</millis>
  <sequence>55</sequence>
  <level>INFO</level>
  <class>com.kms.katalon.core.logging.KeywordLogger</class>
  <method>logMessage</method>
  <thread>1</thread>
  <message>Checking timeout</message>
  <nestedLevel>1</nestedLevel>
</record>
<record>
  <date>2018-07-05T12:28:18</date>
  <millis>1530773898127</millis>
  <sequence>56</sequence>
  <level>INFO</level>
  <class>com.kms.katalon.core.logging.KeywordLogger</class>
  <method>logMessage</method>
  <thread>1</thread>
  <message>Finding web element with id: &amp;apos;Object Repository/TC_24_AM/input_1&amp;apos; located by &amp;apos;By.xpath: //input[@type = &amp;apos;password&amp;apos; and @placeholder = &amp;apos;Password&amp;apos;]&amp;apos; in &amp;apos;30&amp;apos; second(s)</message>
  <nestedLevel>1</nestedLevel>
</record>
<record>
  <date>2018-07-05T12:28:18</date>
  <millis>1530773898155</millis>
  <sequence>57</sequence>
  <level>INFO</level>
  <class>com.kms.katalon.core.logging.KeywordLogger</class>
  <method>logMessage</method>
  <thread>1</thread>
  <message>Found 1 web elements with id: &amp;apos;Object Repository/TC_24_AM/input_1&amp;apos; located by &amp;apos;By.xpath: //input[@type = &amp;apos;password&amp;apos; and @placeholder = &amp;apos;Password&amp;apos;]&amp;apos; in &amp;apos;30&amp;apos; second(s)</message>
  <nestedLevel>1</nestedLevel>
</record>
<record>
  <date>2018-07-05T12:28:18</date>
  <millis>1530773898246</millis>
  <sequence>58</sequence>
  <level>PASSED</level>
  <class>com.kms.katalon.core.logging.KeywordLogger</class>
  <method>logMessage</method>
  <thread>1</thread>
  <message>Keys &amp;apos;ENTER + &amp;apos; sent to object: &amp;apos;Object Repository/TC_24_AM/input_1&amp;apos;</message>
  <nestedLevel>1</nestedLevel>
</record>
<record>
  <date>2018-07-05T12:28:18</date>
  <millis>1530773898251</millis>
  <sequence>59</sequence>
  <level>END</level>
  <class>com.kms.katalon.core.logging.KeywordLogger</class>
  <method>endKeyword</method>
  <thread>1</thread>
  <message>End action : sendKeys</message>
  <nestedLevel>1</nestedLevel>
</record>
<record>
  <date>2018-07-05T12:28:18</date>
  <millis>1530773898251</millis>
  <sequence>60</sequence>
  <level>START</level>
  <class>com.kms.katalon.core.logging.KeywordLogger</class>
  <method>startKeyword</method>
  <thread>1</thread>
  <message>Start action : click</message>
  <nestedLevel>1</nestedLevel>
  <property name="startLine">33</property>
  <property name="stepIndex">6</property>
</record>
<record>
  <date>2018-07-05T12:28:18</date>
  <millis>1530773898255</millis>
  <sequence>61</sequence>
  <level>INFO</level>
  <class>com.kms.katalon.core.logging.KeywordLogger</class>
  <method>logMessage</method>
  <thread>1</thread>
  <message>Finding Test Object with id &amp;apos;Object Repository/TC_24_AM/span_Search&amp;apos;</message>
  <nestedLevel>1</nestedLevel>
</record>
<record>
  <date>2018-07-05T12:28:18</date>
  <millis>1530773898315</millis>
  <sequence>62</sequence>
  <level>INFO</level>
  <class>com.kms.katalon.core.logging.KeywordLogger</class>
  <method>logMessage</method>
  <thread>1</thread>
  <message>Checking object</message>
  <nestedLevel>1</nestedLevel>
</record>
<record>
  <date>2018-07-05T12:28:18</date>
  <millis>1530773898327</millis>
  <sequence>63</sequence>
  <level>INFO</level>
  <class>com.kms.katalon.core.logging.KeywordLogger</class>
  <method>logMessage</method>
  <thread>1</thread>
  <message>Checking timeout</message>
  <nestedLevel>1</nestedLevel>
</record>
<record>
  <date>2018-07-05T12:28:18</date>
  <millis>1530773898347</millis>
  <sequence>64</sequence>
  <level>INFO</level>
  <class>com.kms.katalon.core.logging.KeywordLogger</class>
  <method>logMessage</method>
  <thread>1</thread>
  <message>Finding web element with id: &amp;apos;Object Repository/TC_24_AM/span_Search&amp;apos; located by &amp;apos;By.xpath: //span[(text() = &amp;apos;Search&amp;apos; or . = &amp;apos;Search&amp;apos;)]&amp;apos; in &amp;apos;30&amp;apos; second(s)</message>
  <nestedLevel>1</nestedLevel>
</record>
<record>
  <date>2018-07-05T12:28:18</date>
  <millis>1530773898850</millis>
  <sequence>65</sequence>
  <level>INFO</level>
  <class>com.kms.katalon.core.logging.KeywordLogger</class>
  <method>logMessage</method>
  <thread>1</thread>
  <message>Found 1 web elements with id: &amp;apos;Object Repository/TC_24_AM/span_Search&amp;apos; located by &amp;apos;By.xpath: //span[(text() = &amp;apos;Search&amp;apos; or . = &amp;apos;Search&amp;apos;)]&amp;apos; in &amp;apos;30&amp;apos; second(s)</message>
  <nestedLevel>1</nestedLevel>
</record>
<record>
  <date>2018-07-05T12:28:18</date>
  <millis>1530773898852</millis>
  <sequence>66</sequence>
  <level>INFO</level>
  <class>com.kms.katalon.core.logging.KeywordLogger</class>
  <method>logMessage</method>
  <thread>1</thread>
  <message>Clicking on object: &amp;apos;Object Repository/TC_24_AM/span_Search&amp;apos;</message>
  <nestedLevel>1</nestedLevel>
</record>
<record>
  <date>2018-07-05T12:28:19</date>
  <millis>1530773899337</millis>
  <sequence>67</sequence>
  <level>PASSED</level>
  <class>com.kms.katalon.core.logging.KeywordLogger</class>
  <method>logMessage</method>
  <thread>1</thread>
  <message>Object: &amp;apos;Object Repository/TC_24_AM/span_Search&amp;apos; is clicked on</message>
  <nestedLevel>1</nestedLevel>
</record>
<record>
  <date>2018-07-05T12:28:19</date>
  <millis>1530773899339</millis>
  <sequence>68</sequence>
  <level>END</level>
  <class>com.kms.katalon.core.logging.KeywordLogger</class>
  <method>endKeyword</method>
  <thread>1</thread>
  <message>End action : click</message>
  <nestedLevel>1</nestedLevel>
</record>
<record>
  <date>2018-07-05T12:28:19</date>
  <millis>1530773899341</millis>
  <sequence>69</sequence>
  <level>START</level>
  <class>com.kms.katalon.core.logging.KeywordLogger</class>
  <method>startKeyword</method>
  <thread>1</thread>
  <message>Start action : clearText</message>
  <nestedLevel>1</nestedLevel>
  <property name="startLine">35</property>
  <property name="stepIndex">7</property>
</record>
<record>
  <date>2018-07-05T12:28:19</date>
  <millis>1530773899344</millis>
  <sequence>70</sequence>
  <level>INFO</level>
  <class>com.kms.katalon.core.logging.KeywordLogger</class>
  <method>logMessage</method>
  <thread>1</thread>
  <message>Finding Test Object with id &amp;apos;Object Repository/TC_24_AM/Date_input&amp;apos;</message>
  <nestedLevel>1</nestedLevel>
</record>
<record>
  <date>2018-07-05T12:28:19</date>
  <millis>1530773899397</millis>
  <sequence>71</sequence>
  <level>INFO</level>
  <class>com.kms.katalon.core.logging.KeywordLogger</class>
  <method>logMessage</method>
  <thread>1</thread>
  <message>Checking object</message>
  <nestedLevel>1</nestedLevel>
</record>
<record>
  <date>2018-07-05T12:28:19</date>
  <millis>1530773899402</millis>
  <sequence>72</sequence>
  <level>INFO</level>
  <class>com.kms.katalon.core.logging.KeywordLogger</class>
  <method>logMessage</method>
  <thread>1</thread>
  <message>Checking timeout</message>
  <nestedLevel>1</nestedLevel>
</record>
<record>
  <date>2018-07-05T12:28:19</date>
  <millis>1530773899405</millis>
  <sequence>73</sequence>
  <level>INFO</level>
  <class>com.kms.katalon.core.logging.KeywordLogger</class>
  <method>logMessage</method>
  <thread>1</thread>
  <message>Finding web element with id: &amp;apos;Object Repository/TC_24_AM/Date_input&amp;apos; located by &amp;apos;By.xpath: //input[@id=&amp;apos;fdz-form-date-time&amp;apos;]&amp;apos; in &amp;apos;30&amp;apos; second(s)</message>
  <nestedLevel>1</nestedLevel>
</record>
<record>
  <date>2018-07-05T12:28:19</date>
  <millis>1530773899518</millis>
  <sequence>74</sequence>
  <level>INFO</level>
  <class>com.kms.katalon.core.logging.KeywordLogger</class>
  <method>logMessage</method>
  <thread>1</thread>
  <message>Found 1 web elements with id: &amp;apos;Object Repository/TC_24_AM/Date_input&amp;apos; located by &amp;apos;By.xpath: //input[@id=&amp;apos;fdz-form-date-time&amp;apos;]&amp;apos; in &amp;apos;30&amp;apos; second(s)</message>
  <nestedLevel>1</nestedLevel>
</record>
<record>
  <date>2018-07-05T12:28:19</date>
  <millis>1530773899531</millis>
  <sequence>75</sequence>
  <level>INFO</level>
  <class>com.kms.katalon.core.logging.KeywordLogger</class>
  <method>logMessage</method>
  <thread>1</thread>
  <message>Clearing text of object &amp;apos;Object Repository/TC_24_AM/Date_input&amp;apos;</message>
  <nestedLevel>1</nestedLevel>
</record>
<record>
  <date>2018-07-05T12:28:19</date>
  <millis>1530773899840</millis>
  <sequence>76</sequence>
  <level>PASSED</level>
  <class>com.kms.katalon.core.logging.KeywordLogger</class>
  <method>logMessage</method>
  <thread>1</thread>
  <message>Text of object &amp;apos;Object Repository/TC_24_AM/Date_input&amp;apos; is cleared</message>
  <nestedLevel>1</nestedLevel>
</record>
<record>
  <date>2018-07-05T12:28:19</date>
  <millis>1530773899845</millis>
  <sequence>77</sequence>
  <level>END</level>
  <class>com.kms.katalon.core.logging.KeywordLogger</class>
  <method>endKeyword</method>
  <thread>1</thread>
  <message>End action : clearText</message>
  <nestedLevel>1</nestedLevel>
</record>
<record>
  <date>2018-07-05T12:28:19</date>
  <millis>1530773899850</millis>
  <sequence>78</sequence>
  <level>START</level>
  <class>com.kms.katalon.core.logging.KeywordLogger</class>
  <method>startKeyword</method>
  <thread>1</thread>
  <message>Start action : click</message>
  <nestedLevel>1</nestedLevel>
  <property name="startLine">37</property>
  <property name="stepIndex">8</property>
</record>
<record>
  <date>2018-07-05T12:28:19</date>
  <millis>1530773899855</millis>
  <sequence>79</sequence>
  <level>INFO</level>
  <class>com.kms.katalon.core.logging.KeywordLogger</class>
  <method>logMessage</method>
  <thread>1</thread>
  <message>Finding Test Object with id &amp;apos;Object Repository/TC_24_AM/Done_Button&amp;apos;</message>
  <nestedLevel>1</nestedLevel>
</record>
<record>
  <date>2018-07-05T12:28:19</date>
  <millis>1530773899916</millis>
  <sequence>80</sequence>
  <level>INFO</level>
  <class>com.kms.katalon.core.logging.KeywordLogger</class>
  <method>logMessage</method>
  <thread>1</thread>
  <message>Checking object</message>
  <nestedLevel>1</nestedLevel>
</record>
<record>
  <date>2018-07-05T12:28:19</date>
  <millis>1530773899926</millis>
  <sequence>81</sequence>
  <level>INFO</level>
  <class>com.kms.katalon.core.logging.KeywordLogger</class>
  <method>logMessage</method>
  <thread>1</thread>
  <message>Checking timeout</message>
  <nestedLevel>1</nestedLevel>
</record>
<record>
  <date>2018-07-05T12:28:19</date>
  <millis>1530773899928</millis>
  <sequence>82</sequence>
  <level>INFO</level>
  <class>com.kms.katalon.core.logging.KeywordLogger</class>
  <method>logMessage</method>
  <thread>1</thread>
  <message>Finding web element with id: &amp;apos;Object Repository/TC_24_AM/Done_Button&amp;apos; located by &amp;apos;By.xpath: //button[@type=&amp;apos;button&amp;apos;][contains(text(),&amp;apos;Done&amp;apos;)]&amp;apos; in &amp;apos;30&amp;apos; second(s)</message>
  <nestedLevel>1</nestedLevel>
</record>
<record>
  <date>2018-07-05T12:28:19</date>
  <millis>1530773899994</millis>
  <sequence>83</sequence>
  <level>INFO</level>
  <class>com.kms.katalon.core.logging.KeywordLogger</class>
  <method>logMessage</method>
  <thread>1</thread>
  <message>Found 1 web elements with id: &amp;apos;Object Repository/TC_24_AM/Done_Button&amp;apos; located by &amp;apos;By.xpath: //button[@type=&amp;apos;button&amp;apos;][contains(text(),&amp;apos;Done&amp;apos;)]&amp;apos; in &amp;apos;30&amp;apos; second(s)</message>
  <nestedLevel>1</nestedLevel>
</record>
<record>
  <date>2018-07-05T12:28:19</date>
  <millis>1530773899997</millis>
  <sequence>84</sequence>
  <level>INFO</level>
  <class>com.kms.katalon.core.logging.KeywordLogger</class>
  <method>logMessage</method>
  <thread>1</thread>
  <message>Clicking on object: &amp;apos;Object Repository/TC_24_AM/Done_Button&amp;apos;</message>
  <nestedLevel>1</nestedLevel>
</record>
<record>
  <date>2018-07-05T12:28:20</date>
  <millis>1530773900240</millis>
  <sequence>85</sequence>
  <level>PASSED</level>
  <class>com.kms.katalon.core.logging.KeywordLogger</class>
  <method>logMessage</method>
  <thread>1</thread>
  <message>Object: &amp;apos;Object Repository/TC_24_AM/Done_Button&amp;apos; is clicked on</message>
  <nestedLevel>1</nestedLevel>
</record>
<record>
  <date>2018-07-05T12:28:20</date>
  <millis>1530773900242</millis>
  <sequence>86</sequence>
  <level>END</level>
  <class>com.kms.katalon.core.logging.KeywordLogger</class>
  <method>endKeyword</method>
  <thread>1</thread>
  <message>End action : click</message>
  <nestedLevel>1</nestedLevel>
</record>
<record>
  <date>2018-07-05T12:28:20</date>
  <millis>1530773900242</millis>
  <sequence>87</sequence>
  <level>START</level>
  <class>com.kms.katalon.core.logging.KeywordLogger</class>
  <method>startKeyword</method>
  <thread>1</thread>
  <message>Start action : delay</message>
  <nestedLevel>1</nestedLevel>
  <property name="startLine">39</property>
  <property name="stepIndex">9</property>
</record>
<record>
  <date>2018-07-05T12:28:20</date>
  <millis>1530773900309</millis>
  <sequence>88</sequence>
  <level>INFO</level>
  <class>com.kms.katalon.core.logging.KeywordLogger</class>
  <method>logMessage</method>
  <thread>1</thread>
  <message>Delaying browser in 2 second(s)</message>
  <nestedLevel>1</nestedLevel>
</record>
<record>
  <date>2018-07-05T12:28:22</date>
  <millis>1530773902310</millis>
  <sequence>89</sequence>
  <level>PASSED</level>
  <class>com.kms.katalon.core.logging.KeywordLogger</class>
  <method>logMessage</method>
  <thread>1</thread>
  <message>Delayed 2 second(s)</message>
  <nestedLevel>1</nestedLevel>
</record>
<record>
  <date>2018-07-05T12:28:22</date>
  <millis>1530773902312</millis>
  <sequence>90</sequence>
  <level>END</level>
  <class>com.kms.katalon.core.logging.KeywordLogger</class>
  <method>endKeyword</method>
  <thread>1</thread>
  <message>End action : delay</message>
  <nestedLevel>1</nestedLevel>
</record>
<record>
  <date>2018-07-05T12:28:22</date>
  <millis>1530773902327</millis>
  <sequence>91</sequence>
  <level>START</level>
  <class>com.kms.katalon.core.logging.KeywordLogger</class>
  <method>startKeyword</method>
  <thread>1</thread>
  <message>Start action : click</message>
  <nestedLevel>1</nestedLevel>
  <property name="startLine">41</property>
  <property name="stepIndex">10</property>
</record>
<record>
  <date>2018-07-05T12:28:22</date>
  <millis>1530773902343</millis>
  <sequence>92</sequence>
  <level>INFO</level>
  <class>com.kms.katalon.core.logging.KeywordLogger</class>
  <method>logMessage</method>
  <thread>1</thread>
  <message>Finding Test Object with id &amp;apos;Object Repository/TC_24_AM/button_Advanced Search&amp;apos;</message>
  <nestedLevel>1</nestedLevel>
</record>
<record>
  <date>2018-07-05T12:28:22</date>
  <millis>1530773902343</millis>
  <sequence>93</sequence>
  <level>INFO</level>
  <class>com.kms.katalon.core.logging.KeywordLogger</class>
  <method>logMessage</method>
  <thread>1</thread>
  <message>Checking object</message>
  <nestedLevel>1</nestedLevel>
</record>
<record>
  <date>2018-07-05T12:28:22</date>
  <millis>1530773902343</millis>
  <sequence>94</sequence>
  <level>INFO</level>
  <class>com.kms.katalon.core.logging.KeywordLogger</class>
  <method>logMessage</method>
  <thread>1</thread>
  <message>Checking timeout</message>
  <nestedLevel>1</nestedLevel>
</record>
<record>
  <date>2018-07-05T12:28:22</date>
  <millis>1530773902343</millis>
  <sequence>95</sequence>
  <level>INFO</level>
  <class>com.kms.katalon.core.logging.KeywordLogger</class>
  <method>logMessage</method>
  <thread>1</thread>
  <message>Finding web element with id: &amp;apos;Object Repository/TC_24_AM/button_Advanced Search&amp;apos; located by &amp;apos;By.xpath: //button[@type = &amp;apos;button&amp;apos; and (text() = &amp;apos;\n            \n             Advanced Search\n        &amp;apos; or . = &amp;apos;\n            \n             Advanced Search\n        &amp;apos;)]&amp;apos; in &amp;apos;30&amp;apos; second(s)</message>
  <nestedLevel>1</nestedLevel>
</record>
<record>
  <date>2018-07-05T12:28:22</date>
  <millis>1530773902406</millis>
  <sequence>96</sequence>
  <level>INFO</level>
  <class>com.kms.katalon.core.logging.KeywordLogger</class>
  <method>logMessage</method>
  <thread>1</thread>
  <message>Found 1 web elements with id: &amp;apos;Object Repository/TC_24_AM/button_Advanced Search&amp;apos; located by &amp;apos;By.xpath: //button[@type = &amp;apos;button&amp;apos; and (text() = &amp;apos;\n            \n             Advanced Search\n        &amp;apos; or . = &amp;apos;\n            \n             Advanced Search\n        &amp;apos;)]&amp;apos; in &amp;apos;30&amp;apos; second(s)</message>
  <nestedLevel>1</nestedLevel>
</record>
<record>
  <date>2018-07-05T12:28:22</date>
  <millis>1530773902406</millis>
  <sequence>97</sequence>
  <level>INFO</level>
  <class>com.kms.katalon.core.logging.KeywordLogger</class>
  <method>logMessage</method>
  <thread>1</thread>
  <message>Clicking on object: &amp;apos;Object Repository/TC_24_AM/button_Advanced Search&amp;apos;</message>
  <nestedLevel>1</nestedLevel>
</record>
<record>
  <date>2018-07-05T12:28:22</date>
  <millis>1530773902651</millis>
  <sequence>98</sequence>
  <level>PASSED</level>
  <class>com.kms.katalon.core.logging.KeywordLogger</class>
  <method>logMessage</method>
  <thread>1</thread>
  <message>Object: &amp;apos;Object Repository/TC_24_AM/button_Advanced Search&amp;apos; is clicked on</message>
  <nestedLevel>1</nestedLevel>
</record>
<record>
  <date>2018-07-05T12:28:22</date>
  <millis>1530773902654</millis>
  <sequence>99</sequence>
  <level>END</level>
  <class>com.kms.katalon.core.logging.KeywordLogger</class>
  <method>endKeyword</method>
  <thread>1</thread>
  <message>End action : click</message>
  <nestedLevel>1</nestedLevel>
</record>
<record>
  <date>2018-07-05T12:28:22</date>
  <millis>1530773902656</millis>
  <sequence>100</sequence>
  <level>START</level>
  <class>com.kms.katalon.core.logging.KeywordLogger</class>
  <method>startKeyword</method>
  <thread>1</thread>
  <message>Start action : click</message>
  <nestedLevel>1</nestedLevel>
  <property name="startLine">43</property>
  <property name="stepIndex">11</property>
</record>
<record>
  <date>2018-07-05T12:28:22</date>
  <millis>1530773902659</millis>
  <sequence>101</sequence>
  <level>INFO</level>
  <class>com.kms.katalon.core.logging.KeywordLogger</class>
  <method>logMessage</method>
  <thread>1</thread>
  <message>Finding Test Object with id &amp;apos;Object Repository/TC_24_AM/ul_Customer Id&amp;apos;</message>
  <nestedLevel>1</nestedLevel>
</record>
<record>
  <date>2018-07-05T12:28:22</date>
  <millis>1530773902686</millis>
  <sequence>102</sequence>
  <level>INFO</level>
  <class>com.kms.katalon.core.logging.KeywordLogger</class>
  <method>logMessage</method>
  <thread>1</thread>
  <message>Checking object</message>
  <nestedLevel>1</nestedLevel>
</record>
<record>
  <date>2018-07-05T12:28:22</date>
  <millis>1530773902689</millis>
  <sequence>103</sequence>
  <level>INFO</level>
  <class>com.kms.katalon.core.logging.KeywordLogger</class>
  <method>logMessage</method>
  <thread>1</thread>
  <message>Checking timeout</message>
  <nestedLevel>1</nestedLevel>
</record>
<record>
  <date>2018-07-05T12:28:22</date>
  <millis>1530773902694</millis>
  <sequence>104</sequence>
  <level>INFO</level>
  <class>com.kms.katalon.core.logging.KeywordLogger</class>
  <method>logMessage</method>
  <thread>1</thread>
  <message>Finding web element with id: &amp;apos;Object Repository/TC_24_AM/ul_Customer Id&amp;apos; located by &amp;apos;By.xpath: //ul[(text() = &amp;apos;      Customer Id      &amp;apos; or . = &amp;apos;      Customer Id      &amp;apos;)]&amp;apos; in &amp;apos;30&amp;apos; second(s)</message>
  <nestedLevel>1</nestedLevel>
</record>
<record>
  <date>2018-07-05T12:28:22</date>
  <millis>1530773902772</millis>
  <sequence>105</sequence>
  <level>INFO</level>
  <class>com.kms.katalon.core.logging.KeywordLogger</class>
  <method>logMessage</method>
  <thread>1</thread>
  <message>Found 1 web elements with id: &amp;apos;Object Repository/TC_24_AM/ul_Customer Id&amp;apos; located by &amp;apos;By.xpath: //ul[(text() = &amp;apos;      Customer Id      &amp;apos; or . = &amp;apos;      Customer Id      &amp;apos;)]&amp;apos; in &amp;apos;30&amp;apos; second(s)</message>
  <nestedLevel>1</nestedLevel>
</record>
<record>
  <date>2018-07-05T12:28:22</date>
  <millis>1530773902775</millis>
  <sequence>106</sequence>
  <level>INFO</level>
  <class>com.kms.katalon.core.logging.KeywordLogger</class>
  <method>logMessage</method>
  <thread>1</thread>
  <message>Clicking on object: &amp;apos;Object Repository/TC_24_AM/ul_Customer Id&amp;apos;</message>
  <nestedLevel>1</nestedLevel>
</record>
<record>
  <date>2018-07-05T12:28:23</date>
  <millis>1530773903001</millis>
  <sequence>107</sequence>
  <level>PASSED</level>
  <class>com.kms.katalon.core.logging.KeywordLogger</class>
  <method>logMessage</method>
  <thread>1</thread>
  <message>Object: &amp;apos;Object Repository/TC_24_AM/ul_Customer Id&amp;apos; is clicked on</message>
  <nestedLevel>1</nestedLevel>
</record>
<record>
  <date>2018-07-05T12:28:23</date>
  <millis>1530773903003</millis>
  <sequence>108</sequence>
  <level>END</level>
  <class>com.kms.katalon.core.logging.KeywordLogger</class>
  <method>endKeyword</method>
  <thread>1</thread>
  <message>End action : click</message>
  <nestedLevel>1</nestedLevel>
</record>
<record>
  <date>2018-07-05T12:28:23</date>
  <millis>1530773903006</millis>
  <sequence>109</sequence>
  <level>START</level>
  <class>com.kms.katalon.core.logging.KeywordLogger</class>
  <method>startKeyword</method>
  <thread>1</thread>
  <message>Start action : setText</message>
  <nestedLevel>1</nestedLevel>
  <property name="startLine">45</property>
  <property name="stepIndex">12</property>
</record>
<record>
  <date>2018-07-05T12:28:23</date>
  <millis>1530773903016</millis>
  <sequence>110</sequence>
  <level>INFO</level>
  <class>com.kms.katalon.core.logging.KeywordLogger</class>
  <method>logMessage</method>
  <thread>1</thread>
  <message>Finding Test Object with id &amp;apos;Object Repository/TC_24_AM/input_s2id_autogen7&amp;apos;</message>
  <nestedLevel>1</nestedLevel>
</record>
<record>
  <date>2018-07-05T12:28:23</date>
  <millis>1530773903036</millis>
  <sequence>111</sequence>
  <level>INFO</level>
  <class>com.kms.katalon.core.logging.KeywordLogger</class>
  <method>logMessage</method>
  <thread>1</thread>
  <message>Checking object</message>
  <nestedLevel>1</nestedLevel>
</record>
<record>
  <date>2018-07-05T12:28:23</date>
  <millis>1530773903046</millis>
  <sequence>112</sequence>
  <level>INFO</level>
  <class>com.kms.katalon.core.logging.KeywordLogger</class>
  <method>logMessage</method>
  <thread>1</thread>
  <message>Checking text</message>
  <nestedLevel>1</nestedLevel>
</record>
<record>
  <date>2018-07-05T12:28:23</date>
  <millis>1530773903048</millis>
  <sequence>113</sequence>
  <level>INFO</level>
  <class>com.kms.katalon.core.logging.KeywordLogger</class>
  <method>logMessage</method>
  <thread>1</thread>
  <message>Checking timeout</message>
  <nestedLevel>1</nestedLevel>
</record>
<record>
  <date>2018-07-05T12:28:23</date>
  <millis>1530773903053</millis>
  <sequence>114</sequence>
  <level>INFO</level>
  <class>com.kms.katalon.core.logging.KeywordLogger</class>
  <method>logMessage</method>
  <thread>1</thread>
  <message>Finding web element with id: &amp;apos;Object Repository/TC_24_AM/input_s2id_autogen7&amp;apos; located by &amp;apos;By.xpath: //input[@type = &amp;apos;text&amp;apos; and @id = &amp;apos;s2id_autogen7&amp;apos;]&amp;apos; in &amp;apos;30&amp;apos; second(s)</message>
  <nestedLevel>1</nestedLevel>
</record>
<record>
  <date>2018-07-05T12:28:23</date>
  <millis>1530773903139</millis>
  <sequence>115</sequence>
  <level>INFO</level>
  <class>com.kms.katalon.core.logging.KeywordLogger</class>
  <method>logMessage</method>
  <thread>1</thread>
  <message>Found 1 web elements with id: &amp;apos;Object Repository/TC_24_AM/input_s2id_autogen7&amp;apos; located by &amp;apos;By.xpath: //input[@type = &amp;apos;text&amp;apos; and @id = &amp;apos;s2id_autogen7&amp;apos;]&amp;apos; in &amp;apos;30&amp;apos; second(s)</message>
  <nestedLevel>1</nestedLevel>
</record>
<record>
  <date>2018-07-05T12:28:23</date>
  <millis>1530773903142</millis>
  <sequence>116</sequence>
  <level>INFO</level>
  <class>com.kms.katalon.core.logging.KeywordLogger</class>
  <method>logMessage</method>
  <thread>1</thread>
  <message>Clearing text of object &amp;apos;Object Repository/TC_24_AM/input_s2id_autogen7&amp;apos;</message>
  <nestedLevel>1</nestedLevel>
</record>
<record>
  <date>2018-07-05T12:28:23</date>
  <millis>1530773903235</millis>
  <sequence>117</sequence>
  <level>INFO</level>
  <class>com.kms.katalon.core.logging.KeywordLogger</class>
  <method>logMessage</method>
  <thread>1</thread>
  <message>Checking timeout</message>
  <nestedLevel>1</nestedLevel>
</record>
<record>
  <date>2018-07-05T12:28:23</date>
  <millis>1530773903235</millis>
  <sequence>118</sequence>
  <level>INFO</level>
  <class>com.kms.katalon.core.logging.KeywordLogger</class>
  <method>logMessage</method>
  <thread>1</thread>
  <message>Finding web element with id: &amp;apos;Object Repository/TC_24_AM/input_s2id_autogen7&amp;apos; located by &amp;apos;By.xpath: //input[@type = &amp;apos;text&amp;apos; and @id = &amp;apos;s2id_autogen7&amp;apos;]&amp;apos; in &amp;apos;30&amp;apos; second(s)</message>
  <nestedLevel>1</nestedLevel>
</record>
<record>
  <date>2018-07-05T12:28:23</date>
  <millis>1530773903267</millis>
  <sequence>119</sequence>
  <level>INFO</level>
  <class>com.kms.katalon.core.logging.KeywordLogger</class>
  <method>logMessage</method>
  <thread>1</thread>
  <message>Found 1 web elements with id: &amp;apos;Object Repository/TC_24_AM/input_s2id_autogen7&amp;apos; located by &amp;apos;By.xpath: //input[@type = &amp;apos;text&amp;apos; and @id = &amp;apos;s2id_autogen7&amp;apos;]&amp;apos; in &amp;apos;30&amp;apos; second(s)</message>
  <nestedLevel>1</nestedLevel>
</record>
<record>
  <date>2018-07-05T12:28:23</date>
  <millis>1530773903267</millis>
  <sequence>120</sequence>
  <level>INFO</level>
  <class>com.kms.katalon.core.logging.KeywordLogger</class>
  <method>logMessage</method>
  <thread>1</thread>
  <message>Setting text of object &amp;apos;Object Repository/TC_24_AM/input_s2id_autogen7&amp;apos; to value &amp;apos;1100243850&amp;apos;</message>
  <nestedLevel>1</nestedLevel>
</record>
<record>
  <date>2018-07-05T12:28:23</date>
  <millis>1530773903859</millis>
  <sequence>121</sequence>
  <level>PASSED</level>
  <class>com.kms.katalon.core.logging.KeywordLogger</class>
  <method>logMessage</method>
  <thread>1</thread>
  <message>Text &amp;apos;1100243850&amp;apos; is set on object &amp;apos;Object Repository/TC_24_AM/input_s2id_autogen7&amp;apos;</message>
  <nestedLevel>1</nestedLevel>
</record>
<record>
  <date>2018-07-05T12:28:23</date>
  <millis>1530773903862</millis>
  <sequence>122</sequence>
  <level>END</level>
  <class>com.kms.katalon.core.logging.KeywordLogger</class>
  <method>endKeyword</method>
  <thread>1</thread>
  <message>End action : setText</message>
  <nestedLevel>1</nestedLevel>
</record>
<record>
  <date>2018-07-05T12:28:23</date>
  <millis>1530773903863</millis>
  <sequence>123</sequence>
  <level>START</level>
  <class>com.kms.katalon.core.logging.KeywordLogger</class>
  <method>startKeyword</method>
  <thread>1</thread>
  <message>Start action : sendKeys</message>
  <nestedLevel>1</nestedLevel>
  <property name="startLine">47</property>
  <property name="stepIndex">13</property>
</record>
<record>
  <date>2018-07-05T12:28:23</date>
  <millis>1530773903868</millis>
  <sequence>124</sequence>
  <level>INFO</level>
  <class>com.kms.katalon.core.logging.KeywordLogger</class>
  <method>logMessage</method>
  <thread>1</thread>
  <message>Finding Test Object with id &amp;apos;Object Repository/TC_24_AM/input_s2id_autogen7&amp;apos;</message>
  <nestedLevel>1</nestedLevel>
</record>
<record>
  <date>2018-07-05T12:28:23</date>
  <millis>1530773903883</millis>
  <sequence>125</sequence>
  <level>INFO</level>
  <class>com.kms.katalon.core.logging.KeywordLogger</class>
  <method>logMessage</method>
  <thread>1</thread>
  <message>Sending keys &amp;apos;ENTER + &amp;apos; to object: &amp;apos;Object Repository/TC_24_AM/input_s2id_autogen7&amp;apos;</message>
  <nestedLevel>1</nestedLevel>
</record>
<record>
  <date>2018-07-05T12:28:23</date>
  <millis>1530773903883</millis>
  <sequence>126</sequence>
  <level>INFO</level>
  <class>com.kms.katalon.core.logging.KeywordLogger</class>
  <method>logMessage</method>
  <thread>1</thread>
  <message>Checking timeout</message>
  <nestedLevel>1</nestedLevel>
</record>
<record>
  <date>2018-07-05T12:28:23</date>
  <millis>1530773903885</millis>
  <sequence>127</sequence>
  <level>INFO</level>
  <class>com.kms.katalon.core.logging.KeywordLogger</class>
  <method>logMessage</method>
  <thread>1</thread>
  <message>Finding web element with id: &amp;apos;Object Repository/TC_24_AM/input_s2id_autogen7&amp;apos; located by &amp;apos;By.xpath: //input[@type = &amp;apos;text&amp;apos; and @id = &amp;apos;s2id_autogen7&amp;apos;]&amp;apos; in &amp;apos;30&amp;apos; second(s)</message>
  <nestedLevel>1</nestedLevel>
</record>
<record>
  <date>2018-07-05T12:28:23</date>
  <millis>1530773903926</millis>
  <sequence>128</sequence>
  <level>INFO</level>
  <class>com.kms.katalon.core.logging.KeywordLogger</class>
  <method>logMessage</method>
  <thread>1</thread>
  <message>Found 1 web elements with id: &amp;apos;Object Repository/TC_24_AM/input_s2id_autogen7&amp;apos; located by &amp;apos;By.xpath: //input[@type = &amp;apos;text&amp;apos; and @id = &amp;apos;s2id_autogen7&amp;apos;]&amp;apos; in &amp;apos;30&amp;apos; second(s)</message>
  <nestedLevel>1</nestedLevel>
</record>
<record>
  <date>2018-07-05T12:28:24</date>
  <millis>1530773904004</millis>
  <sequence>129</sequence>
  <level>PASSED</level>
  <class>com.kms.katalon.core.logging.KeywordLogger</class>
  <method>logMessage</method>
  <thread>1</thread>
  <message>Keys &amp;apos;ENTER + &amp;apos; sent to object: &amp;apos;Object Repository/TC_24_AM/input_s2id_autogen7&amp;apos;</message>
  <nestedLevel>1</nestedLevel>
</record>
<record>
  <date>2018-07-05T12:28:24</date>
  <millis>1530773904007</millis>
  <sequence>130</sequence>
  <level>END</level>
  <class>com.kms.katalon.core.logging.KeywordLogger</class>
  <method>endKeyword</method>
  <thread>1</thread>
  <message>End action : sendKeys</message>
  <nestedLevel>1</nestedLevel>
</record>
<record>
  <date>2018-07-05T12:28:24</date>
  <millis>1530773904007</millis>
  <sequence>131</sequence>
  <level>START</level>
  <class>com.kms.katalon.core.logging.KeywordLogger</class>
  <method>startKeyword</method>
  <thread>1</thread>
  <message>Start action : delay</message>
  <nestedLevel>1</nestedLevel>
  <property name="startLine">49</property>
  <property name="stepIndex">14</property>
</record>
<record>
  <date>2018-07-05T12:28:24</date>
  <millis>1530773904012</millis>
  <sequence>132</sequence>
  <level>INFO</level>
  <class>com.kms.katalon.core.logging.KeywordLogger</class>
  <method>logMessage</method>
  <thread>1</thread>
  <message>Delaying browser in 2 second(s)</message>
  <nestedLevel>1</nestedLevel>
</record>
<record>
  <date>2018-07-05T12:28:26</date>
  <millis>1530773906012</millis>
  <sequence>133</sequence>
  <level>PASSED</level>
  <class>com.kms.katalon.core.logging.KeywordLogger</class>
  <method>logMessage</method>
  <thread>1</thread>
  <message>Delayed 2 second(s)</message>
  <nestedLevel>1</nestedLevel>
</record>
<record>
  <date>2018-07-05T12:28:26</date>
  <millis>1530773906035</millis>
  <sequence>134</sequence>
  <level>END</level>
  <class>com.kms.katalon.core.logging.KeywordLogger</class>
  <method>endKeyword</method>
  <thread>1</thread>
  <message>End action : delay</message>
  <nestedLevel>1</nestedLevel>
</record>
<record>
  <date>2018-07-05T12:28:26</date>
  <millis>1530773906050</millis>
  <sequence>135</sequence>
  <level>START</level>
  <class>com.kms.katalon.core.logging.KeywordLogger</class>
  <method>startKeyword</method>
  <thread>1</thread>
  <message>Start action : click</message>
  <nestedLevel>1</nestedLevel>
  <property name="startLine">51</property>
  <property name="stepIndex">15</property>
</record>
<record>
  <date>2018-07-05T12:28:26</date>
  <millis>1530773906050</millis>
  <sequence>136</sequence>
  <level>INFO</level>
  <class>com.kms.katalon.core.logging.KeywordLogger</class>
  <method>logMessage</method>
  <thread>1</thread>
  <message>Finding Test Object with id &amp;apos;Object Repository/TC_24_AM/button_Search&amp;apos;</message>
  <nestedLevel>1</nestedLevel>
</record>
<record>
  <date>2018-07-05T12:28:26</date>
  <millis>1530773906082</millis>
  <sequence>137</sequence>
  <level>INFO</level>
  <class>com.kms.katalon.core.logging.KeywordLogger</class>
  <method>logMessage</method>
  <thread>1</thread>
  <message>Checking object</message>
  <nestedLevel>1</nestedLevel>
</record>
<record>
  <date>2018-07-05T12:28:26</date>
  <millis>1530773906098</millis>
  <sequence>138</sequence>
  <level>INFO</level>
  <class>com.kms.katalon.core.logging.KeywordLogger</class>
  <method>logMessage</method>
  <thread>1</thread>
  <message>Checking timeout</message>
  <nestedLevel>1</nestedLevel>
</record>
<record>
  <date>2018-07-05T12:28:26</date>
  <millis>1530773906098</millis>
  <sequence>139</sequence>
  <level>INFO</level>
  <class>com.kms.katalon.core.logging.KeywordLogger</class>
  <method>logMessage</method>
  <thread>1</thread>
  <message>Finding web element with id: &amp;apos;Object Repository/TC_24_AM/button_Search&amp;apos; located by &amp;apos;By.xpath: //button[@type = &amp;apos;submit&amp;apos; and (text() = &amp;apos;\n                 Search\n            &amp;apos; or . = &amp;apos;\n                 Search\n            &amp;apos;)]&amp;apos; in &amp;apos;30&amp;apos; second(s)</message>
  <nestedLevel>1</nestedLevel>
</record>
<record>
  <date>2018-07-05T12:28:26</date>
  <millis>1530773906177</millis>
  <sequence>140</sequence>
  <level>INFO</level>
  <class>com.kms.katalon.core.logging.KeywordLogger</class>
  <method>logMessage</method>
  <thread>1</thread>
  <message>Found 1 web elements with id: &amp;apos;Object Repository/TC_24_AM/button_Search&amp;apos; located by &amp;apos;By.xpath: //button[@type = &amp;apos;submit&amp;apos; and (text() = &amp;apos;\n                 Search\n            &amp;apos; or . = &amp;apos;\n                 Search\n            &amp;apos;)]&amp;apos; in &amp;apos;30&amp;apos; second(s)</message>
  <nestedLevel>1</nestedLevel>
</record>
<record>
  <date>2018-07-05T12:28:26</date>
  <millis>1530773906177</millis>
  <sequence>141</sequence>
  <level>INFO</level>
  <class>com.kms.katalon.core.logging.KeywordLogger</class>
  <method>logMessage</method>
  <thread>1</thread>
  <message>Clicking on object: &amp;apos;Object Repository/TC_24_AM/button_Search&amp;apos;</message>
  <nestedLevel>1</nestedLevel>
</record>
<record>
  <date>2018-07-05T12:28:26</date>
  <millis>1530773906909</millis>
  <sequence>142</sequence>
  <level>FAILED</level>
  <class>com.kms.katalon.core.logging.KeywordLogger</class>
  <method>logMessage</method>
  <thread>1</thread>
  <message>Unable to click on object &amp;apos;Object Repository/TC_24_AM/button_Search&amp;apos; (Root cause: org.openqa.selenium.WebDriverException: unknown error: Element &amp;lt;button type=\&amp;quot;submit\&amp;quot; class=\&amp;quot;button button-primary\&amp;quot;&amp;gt;...&amp;lt;/button&amp;gt; is not clickable at point (71, 602). Other element would receive the click: &amp;lt;div id=\&amp;quot;select2-drop-mask\&amp;quot; class=\&amp;quot;select2-drop-mask\&amp;quot; style=\&amp;quot;\&amp;quot;&amp;gt;&amp;lt;/div&amp;gt;\n  (Session info: chrome=67.0.3396.99)\n  (Driver info: chromedriver=2.35.528161 (5b82f2d2aae0ca24b877009200ced9065a772e73),platform=Windows NT 6.1.7601 SP1 x86_64) (WARNING: The server did not provide any stacktrace information)\nCommand duration or timeout: 0 milliseconds\nBuild info: version: &amp;apos;3.7.1&amp;apos;, revision: &amp;apos;8a0099a&amp;apos;, time: &amp;apos;2017-11-06T21:07:36.161Z&amp;apos;\nSystem info: host: &amp;apos;LT0021232&amp;apos;, ip: &amp;apos;10.50.88.74&amp;apos;, os.name: &amp;apos;Windows 7&amp;apos;, os.arch: &amp;apos;amd64&amp;apos;, os.version: &amp;apos;6.1&amp;apos;, java.version: &amp;apos;1.8.0_102&amp;apos;\nDriver info: com.kms.katalon.selenium.driver.CChromeDriver\nCapabilities {acceptInsecureCerts: false, acceptSslCerts: false, applicationCacheEnabled: false, browserConnectionEnabled: false, browserName: chrome, chrome: {chromedriverVersion: 2.35.528161 (5b82f2d2aae0ca..., userDataDir: C:\\Users\\ANKUR~1.JAI\\AppDat...}, cssSelectorsEnabled: true, databaseEnabled: false, handlesAlerts: true, hasTouchScreen: false, javascriptEnabled: true, locationContextEnabled: true, mobileEmulationEnabled: false, nativeEvents: true, networkConnectionEnabled: false, pageLoadStrategy: normal, platform: XP, platformName: XP, rotatable: false, setWindowRect: true, takesHeapSnapshot: true, takesScreenshot: true, unexpectedAlertBehaviour: , unhandledPromptBehavior: , version: 67.0.3396.99, webStorageEnabled: true}\nSession ID: 1970b9e062bacdbf38c081b106e813fd)</message>
  <nestedLevel>1</nestedLevel>
  <property name="attachment">1530773906314.png</property>
</record>
<record>
  <date>2018-07-05T12:28:26</date>
  <millis>1530773906912</millis>
  <sequence>143</sequence>
  <level>END</level>
  <class>com.kms.katalon.core.logging.KeywordLogger</class>
  <method>endKeyword</method>
  <thread>1</thread>
  <message>End action : click</message>
  <nestedLevel>1</nestedLevel>
</record>
<record>
  <date>2018-07-05T12:28:26</date>
  <millis>1530773906914</millis>
  <sequence>144</sequence>
  <logger>com.kms.katalon.core.logging.KeywordLogger</logger>
  <level>FAILED</level>
  <class>com.kms.katalon.core.logging.KeywordLogger</class>
  <method>logMessage</method>
  <thread>1</thread>
  <message>Test Cases/Alert Manager Test Cases/Alert Manager_Search Screen/TC24_Validate Advance search through customer id FAILED because (of) Unable to click on object &amp;apos;Object Repository/TC_24_AM/button_Search&amp;apos; (Root cause: org.openqa.selenium.WebDriverException: unknown error: Element &amp;lt;button type=\&amp;quot;submit\&amp;quot; class=\&amp;quot;button button-primary\&amp;quot;&amp;gt;...&amp;lt;/button&amp;gt; is not clickable at point (71, 602). Other element would receive the click: &amp;lt;div id=\&amp;quot;select2-drop-mask\&amp;quot; class=\&amp;quot;select2-drop-mask\&amp;quot; style=\&amp;quot;\&amp;quot;&amp;gt;&amp;lt;/div&amp;gt;\n  (Session info: chrome=67.0.3396.99)\n  (Driver info: chromedriver=2.35.528161 (5b82f2d2aae0ca24b877009200ced9065a772e73),platform=Windows NT 6.1.7601 SP1 x86_64) (WARNING: The server did not provide any stacktrace information)\nCommand duration or timeout: 0 milliseconds\nBuild info: version: &amp;apos;3.7.1&amp;apos;, revision: &amp;apos;8a0099a&amp;apos;, time: &amp;apos;2017-11-06T21:07:36.161Z&amp;apos;\nSystem info: host: &amp;apos;LT0021232&amp;apos;, ip: &amp;apos;10.50.88.74&amp;apos;, os.name: &amp;apos;Windows 7&amp;apos;, os.arch: &amp;apos;amd64&amp;apos;, os.version: &amp;apos;6.1&amp;apos;, java.version: &amp;apos;1.8.0_102&amp;apos;\nDriver info: com.kms.katalon.selenium.driver.CChromeDriver\nCapabilities {acceptInsecureCerts: false, acceptSslCerts: false, applicationCacheEnabled: false, browserConnectionEnabled: false, browserName: chrome, chrome: {chromedriverVersion: 2.35.528161 (5b82f2d2aae0ca..., userDataDir: C:\\Users\\ANKUR~1.JAI\\AppDat...}, cssSelectorsEnabled: true, databaseEnabled: false, handlesAlerts: true, hasTouchScreen: false, javascriptEnabled: true, locationContextEnabled: true, mobileEmulationEnabled: false, nativeEvents: true, networkConnectionEnabled: false, pageLoadStrategy: normal, platform: XP, platformName: XP, rotatable: false, setWindowRect: true, takesHeapSnapshot: true, takesScreenshot: true, unexpectedAlertBehaviour: , unhandledPromptBehavior: , version: 67.0.3396.99, webStorageEnabled: true}\nSession ID: 1970b9e062bacdbf38c081b106e813fd)</message>
  <exception>
    <message>com.kms.katalon.core.exception.StepFailedException: Unable to click on object 'Object Repository/TC_24_AM/button_Search' (Root cause: org.openqa.selenium.WebDriverException: unknown error: Element &lt;button type="submit" class="button button-primary"&gt;...&lt;/button&gt; is not clickable at point (71, 602). Other element would receive the click: &lt;div id="select2-drop-mask" class="select2-drop-mask" style=""&gt;&lt;/div&gt;
  (Session info: chrome=67.0.3396.99)
  (Driver info: chromedriver=2.35.528161 (5b82f2d2aae0ca24b877009200ced9065a772e73),platform=Windows NT 6.1.7601 SP1 x86_64) (WARNING: The server did not provide any stacktrace information)
Command duration or timeout: 0 milliseconds
Build info: version: '3.7.1', revision: '8a0099a', time: '2017-11-06T21:07:36.161Z'
System info: host: 'LT0021232', ip: '10.50.88.74', os.name: 'Windows 7', os.arch: 'amd64', os.version: '6.1', java.version: '1.8.0_102'
Driver info: com.kms.katalon.selenium.driver.CChromeDriver
Capabilities {acceptInsecureCerts: false, acceptSslCerts: false, applicationCacheEnabled: false, browserConnectionEnabled: false, browserName: chrome, chrome: {chromedriverVersion: 2.35.528161 (5b82f2d2aae0ca..., userDataDir: C:\Users\ANKUR~1.JAI\AppDat...}, cssSelectorsEnabled: true, databaseEnabled: false, handlesAlerts: true, hasTouchScreen: false, javascriptEnabled: true, locationContextEnabled: true, mobileEmulationEnabled: false, nativeEvents: true, networkConnectionEnabled: false, pageLoadStrategy: normal, platform: XP, platformName: XP, rotatable: false, setWindowRect: true, takesHeapSnapshot: true, takesScreenshot: true, unexpectedAlertBehaviour: , unhandledPromptBehavior: , version: 67.0.3396.99, webStorageEnabled: true}
Session ID: 1970b9e062bacdbf38c081b106e813fd)</message>
    <frame>
      <class>com.kms.katalon.core.keyword.internal.KeywordMain</class>
      <method>stepFailed</method>
      <line>36</line>
    </frame>
    <frame>
      <class>com.kms.katalon.core.webui.keyword.internal.WebUIKeywordMain</class>
      <method>stepFailed</method>
      <line>65</line>
    </frame>
    <frame>
      <class>com.kms.katalon.core.webui.keyword.internal.WebUIKeywordMain</class>
      <method>runKeyword</method>
      <line>27</line>
    </frame>
    <frame>
      <class>com.kms.katalon.core.webui.keyword.builtin.ClickKeyword</class>
      <method>click</method>
      <line>86</line>
    </frame>
    <frame>
      <class>com.kms.katalon.core.webui.keyword.builtin.ClickKeyword</class>
      <method>execute</method>
      <line>67</line>
    </frame>
    <frame>
      <class>com.kms.katalon.core.keyword.internal.KeywordExecutor</class>
      <method>executeKeywordForPlatform</method>
      <line>53</line>
    </frame>
    <frame>
      <class>com.kms.katalon.core.webui.keyword.WebUiBuiltInKeywords</class>
      <method>click</method>
      <line>616</line>
    </frame>
    <frame>
      <class>com.kms.katalon.core.webui.keyword.WebUiBuiltInKeywords$click$3</class>
      <method>call</method>
    </frame>
    <frame>
      <class>org.codehaus.groovy.runtime.callsite.CallSiteArray</class>
      <method>defaultCall</method>
      <line>48</line>
    </frame>
    <frame>
      <class>org.codehaus.groovy.runtime.callsite.AbstractCallSite</class>
      <method>call</method>
      <line>113</line>
    </frame>
    <frame>
      <class>org.codehaus.groovy.runtime.callsite.AbstractCallSite</class>
      <method>call</method>
      <line>125</line>
    </frame>
    <frame>
      <class>Script1530768151257</class>
      <method>run</method>
      <line>51</line>
    </frame>
    <frame>
      <class>com.kms.katalon.core.main.ScriptEngine</class>
      <method>run</method>
      <line>183</line>
    </frame>
    <frame>
      <class>com.kms.katalon.core.main.ScriptEngine</class>
      <method>runScriptAsRawText</method>
      <line>108</line>
    </frame>
    <frame>
      <class>com.kms.katalon.core.main.TestCaseExecutor</class>
      <method>runScript</method>
      <line>295</line>
    </frame>
    <frame>
      <class>com.kms.katalon.core.main.TestCaseExecutor</class>
      <method>doExecute</method>
      <line>286</line>
    </frame>
    <frame>
      <class>com.kms.katalon.core.main.TestCaseExecutor</class>
      <method>processExecutionPhase</method>
      <line>265</line>
    </frame>
    <frame>
      <class>com.kms.katalon.core.main.TestCaseExecutor</class>
      <method>accessMainPhase</method>
      <line>257</line>
    </frame>
    <frame>
      <class>com.kms.katalon.core.main.TestCaseExecutor</class>
      <method>execute</method>
      <line>201</line>
    </frame>
    <frame>
      <class>com.kms.katalon.core.main.TestSuiteExecutor</class>
      <method>accessTestCaseMainPhase</method>
      <line>129</line>
    </frame>
    <frame>
      <class>com.kms.katalon.core.main.TestSuiteExecutor</class>
      <method>accessTestSuiteMainPhase</method>
      <line>112</line>
    </frame>
    <frame>
      <class>com.kms.katalon.core.main.TestSuiteExecutor</class>
      <method>execute</method>
      <line>81</line>
    </frame>
    <frame>
      <class>com.kms.katalon.core.main.TestCaseMain</class>
      <method>startTestSuite</method>
      <line>106</line>
    </frame>
    <frame>
      <class>com.kms.katalon.core.main.TestCaseMain$startTestSuite$0</class>
      <method>call</method>
    </frame>
    <frame>
      <class>org.codehaus.groovy.runtime.callsite.CallSiteArray</class>
      <method>defaultCall</method>
      <line>48</line>
    </frame>
    <frame>
      <class>org.codehaus.groovy.runtime.callsite.AbstractCallSite</class>
      <method>call</method>
      <line>113</line>
    </frame>
    <frame>
      <class>org.codehaus.groovy.runtime.callsite.AbstractCallSite</class>
      <method>call</method>
      <line>141</line>
    </frame>
    <frame>
      <class>TempTestSuite1530773858752</class>
      <method>run</method>
      <line>35</line>
    </frame>
    <frame>
      <class>groovy.lang.GroovyShell</class>
      <method>runScriptOrMainOrTestOrRunnable</method>
      <line>263</line>
    </frame>
    <frame>
      <class>groovy.lang.GroovyShell</class>
      <method>run</method>
      <line>518</line>
    </frame>
    <frame>
      <class>groovy.lang.GroovyShell</class>
      <method>run</method>
      <line>507</line>
    </frame>
    <frame>
      <class>groovy.ui.GroovyMain</class>
      <method>processOnce</method>
      <line>653</line>
    </frame>
    <frame>
      <class>groovy.ui.GroovyMain</class>
      <method>run</method>
      <line>384</line>
    </frame>
    <frame>
      <class>groovy.ui.GroovyMain</class>
      <method>process</method>
      <line>370</line>
    </frame>
    <frame>
      <class>groovy.ui.GroovyMain</class>
      <method>processArgs</method>
      <line>129</line>
    </frame>
    <frame>
      <class>groovy.ui.GroovyMain</class>
      <method>main</method>
      <line>109</line>
    </frame>
    <frame>
      <class>sun.reflect.NativeMethodAccessorImpl</class>
      <method>invoke0</method>
    </frame>
    <frame>
      <class>sun.reflect.NativeMethodAccessorImpl</class>
      <method>invoke</method>
      <line>62</line>
    </frame>
    <frame>
      <class>sun.reflect.DelegatingMethodAccessorImpl</class>
      <method>invoke</method>
      <line>43</line>
    </frame>
    <frame>
      <class>java.lang.reflect.Method</class>
      <method>invoke</method>
      <line>498</line>
    </frame>
    <frame>
      <class>org.codehaus.groovy.tools.GroovyStarter</class>
      <method>rootLoader</method>
      <line>109</line>
    </frame>
    <frame>
      <class>org.codehaus.groovy.tools.GroovyStarter</class>
      <method>main</method>
      <line>131</line>
    </frame>
  </exception>
  <nestedLevel>0</nestedLevel>
</record>
<record>
  <date>2018-07-05T12:28:26</date>
  <millis>1530773906945</millis>
  <sequence>145</sequence>
  <level>END</level>
  <class>com.kms.katalon.core.logging.KeywordLogger</class>
  <method>endTest</method>
  <thread>1</thread>
  <message>End Test Case : Test Cases/Alert Manager Test Cases/Alert Manager_Search Screen/TC24_Validate Advance search through customer id</message>
  <nestedLevel>0</nestedLevel>
</record>
<record>
  <date>2018-07-05T12:28:26</date>
  <millis>1530773906961</millis>
  <sequence>146</sequence>
  <level>START</level>
  <class>com.kms.katalon.core.logging.KeywordLogger</class>
  <method>startTest</method>
  <thread>1</thread>
  <message>Start Test Case : Test Cases/Alert Manager Test Cases/Alert Manager_Search Screen/TC25_Validate Advance search through Merchant id</message>
  <nestedLevel>1</nestedLevel>
  <property name="name">Test Cases/Alert Manager Test Cases/Alert Manager_Search Screen/TC25_Validate Advance search through Merchant id</property>
  <property name="description"></property>
  <property name="id">Test Cases/Alert Manager Test Cases/Alert Manager_Search Screen/TC25_Validate Advance search through Merchant id</property>
  <property name="source">C:\\Users\\ankur.jain\\Katalon Studio\\Feedzai_Automation\\Test Cases\\Alert Manager Test Cases\\Alert Manager_Search Screen\\TC25_Validate Advance search through Merchant id.tc</property>
  <property name="isOptional">false</property>
</record>
<record>
  <date>2018-07-05T12:28:27</date>
  <millis>1530773907024</millis>
  <sequence>147</sequence>
  <level>INFO</level>
  <class>com.kms.katalon.core.logging.KeywordLogger</class>
  <method>logMessage</method>
  <thread>1</thread>
  <message>Evaluating variables for test case</message>
  <nestedLevel>1</nestedLevel>
</record>
<record>
  <date>2018-07-05T12:28:27</date>
  <millis>1530773907613</millis>
  <sequence>148</sequence>
  <level>START</level>
  <class>com.kms.katalon.core.logging.KeywordLogger</class>
  <method>startKeyword</method>
  <thread>1</thread>
  <message>Start action : clearText</message>
  <nestedLevel>1</nestedLevel>
  <property name="startLine">23</property>
  <property name="stepIndex">1</property>
</record>
<record>
  <date>2018-07-05T12:28:27</date>
  <millis>1530773907618</millis>
  <sequence>149</sequence>
  <level>INFO</level>
  <class>com.kms.katalon.core.logging.KeywordLogger</class>
  <method>logMessage</method>
  <thread>1</thread>
  <message>Finding Test Object with id &amp;apos;Object Repository/TC_24_AM/Date_input&amp;apos;</message>
  <nestedLevel>1</nestedLevel>
</record>
<record>
  <date>2018-07-05T12:28:27</date>
  <millis>1530773907683</millis>
  <sequence>150</sequence>
  <level>INFO</level>
  <class>com.kms.katalon.core.logging.KeywordLogger</class>
  <method>logMessage</method>
  <thread>1</thread>
  <message>Checking object</message>
  <nestedLevel>1</nestedLevel>
</record>
<record>
  <date>2018-07-05T12:28:27</date>
  <millis>1530773907683</millis>
  <sequence>151</sequence>
  <level>INFO</level>
  <class>com.kms.katalon.core.logging.KeywordLogger</class>
  <method>logMessage</method>
  <thread>1</thread>
  <message>Checking timeout</message>
  <nestedLevel>1</nestedLevel>
</record>
<record>
  <date>2018-07-05T12:28:27</date>
  <millis>1530773907683</millis>
  <sequence>152</sequence>
  <level>INFO</level>
  <class>com.kms.katalon.core.logging.KeywordLogger</class>
  <method>logMessage</method>
  <thread>1</thread>
  <message>Finding web element with id: &amp;apos;Object Repository/TC_24_AM/Date_input&amp;apos; located by &amp;apos;By.xpath: //input[@id=&amp;apos;fdz-form-date-time&amp;apos;]&amp;apos; in &amp;apos;30&amp;apos; second(s)</message>
  <nestedLevel>1</nestedLevel>
</record>
<record>
  <date>2018-07-05T12:28:27</date>
  <millis>1530773907729</millis>
  <sequence>153</sequence>
  <level>INFO</level>
  <class>com.kms.katalon.core.logging.KeywordLogger</class>
  <method>logMessage</method>
  <thread>1</thread>
  <message>Found 1 web elements with id: &amp;apos;Object Repository/TC_24_AM/Date_input&amp;apos; located by &amp;apos;By.xpath: //input[@id=&amp;apos;fdz-form-date-time&amp;apos;]&amp;apos; in &amp;apos;30&amp;apos; second(s)</message>
  <nestedLevel>1</nestedLevel>
</record>
<record>
  <date>2018-07-05T12:28:27</date>
  <millis>1530773907729</millis>
  <sequence>154</sequence>
  <level>INFO</level>
  <class>com.kms.katalon.core.logging.KeywordLogger</class>
  <method>logMessage</method>
  <thread>1</thread>
  <message>Clearing text of object &amp;apos;Object Repository/TC_24_AM/Date_input&amp;apos;</message>
  <nestedLevel>1</nestedLevel>
</record>
<record>
  <date>2018-07-05T12:28:27</date>
  <millis>1530773907910</millis>
  <sequence>155</sequence>
  <level>PASSED</level>
  <class>com.kms.katalon.core.logging.KeywordLogger</class>
  <method>logMessage</method>
  <thread>1</thread>
  <message>Text of object &amp;apos;Object Repository/TC_24_AM/Date_input&amp;apos; is cleared</message>
  <nestedLevel>1</nestedLevel>
</record>
<record>
  <date>2018-07-05T12:28:27</date>
  <millis>1530773907912</millis>
  <sequence>156</sequence>
  <level>END</level>
  <class>com.kms.katalon.core.logging.KeywordLogger</class>
  <method>endKeyword</method>
  <thread>1</thread>
  <message>End action : clearText</message>
  <nestedLevel>1</nestedLevel>
</record>
<record>
  <date>2018-07-05T12:28:27</date>
  <millis>1530773907915</millis>
  <sequence>157</sequence>
  <level>START</level>
  <class>com.kms.katalon.core.logging.KeywordLogger</class>
  <method>startKeyword</method>
  <thread>1</thread>
  <message>Start action : click</message>
  <nestedLevel>1</nestedLevel>
  <property name="startLine">25</property>
  <property name="stepIndex">2</property>
</record>
<record>
  <date>2018-07-05T12:28:27</date>
  <millis>1530773907917</millis>
  <sequence>158</sequence>
  <level>INFO</level>
  <class>com.kms.katalon.core.logging.KeywordLogger</class>
  <method>logMessage</method>
  <thread>1</thread>
  <message>Finding Test Object with id &amp;apos;Object Repository/TC_24_AM/Done_Button&amp;apos;</message>
  <nestedLevel>1</nestedLevel>
</record>
<record>
  <date>2018-07-05T12:28:27</date>
  <millis>1530773907932</millis>
  <sequence>159</sequence>
  <level>INFO</level>
  <class>com.kms.katalon.core.logging.KeywordLogger</class>
  <method>logMessage</method>
  <thread>1</thread>
  <message>Checking object</message>
  <nestedLevel>1</nestedLevel>
</record>
<record>
  <date>2018-07-05T12:28:27</date>
  <millis>1530773907932</millis>
  <sequence>160</sequence>
  <level>INFO</level>
  <class>com.kms.katalon.core.logging.KeywordLogger</class>
  <method>logMessage</method>
  <thread>1</thread>
  <message>Checking timeout</message>
  <nestedLevel>1</nestedLevel>
</record>
<record>
  <date>2018-07-05T12:28:27</date>
  <millis>1530773907935</millis>
  <sequence>161</sequence>
  <level>INFO</level>
  <class>com.kms.katalon.core.logging.KeywordLogger</class>
  <method>logMessage</method>
  <thread>1</thread>
  <message>Finding web element with id: &amp;apos;Object Repository/TC_24_AM/Done_Button&amp;apos; located by &amp;apos;By.xpath: //button[@type=&amp;apos;button&amp;apos;][contains(text(),&amp;apos;Done&amp;apos;)]&amp;apos; in &amp;apos;30&amp;apos; second(s)</message>
  <nestedLevel>1</nestedLevel>
</record>
<record>
  <date>2018-07-05T12:28:27</date>
  <millis>1530773907985</millis>
  <sequence>162</sequence>
  <level>INFO</level>
  <class>com.kms.katalon.core.logging.KeywordLogger</class>
  <method>logMessage</method>
  <thread>1</thread>
  <message>Found 1 web elements with id: &amp;apos;Object Repository/TC_24_AM/Done_Button&amp;apos; located by &amp;apos;By.xpath: //button[@type=&amp;apos;button&amp;apos;][contains(text(),&amp;apos;Done&amp;apos;)]&amp;apos; in &amp;apos;30&amp;apos; second(s)</message>
  <nestedLevel>1</nestedLevel>
</record>
<record>
  <date>2018-07-05T12:28:27</date>
  <millis>1530773907987</millis>
  <sequence>163</sequence>
  <level>INFO</level>
  <class>com.kms.katalon.core.logging.KeywordLogger</class>
  <method>logMessage</method>
  <thread>1</thread>
  <message>Clicking on object: &amp;apos;Object Repository/TC_24_AM/Done_Button&amp;apos;</message>
  <nestedLevel>1</nestedLevel>
</record>
<record>
  <date>2018-07-05T12:28:28</date>
  <millis>1530773908652</millis>
  <sequence>164</sequence>
  <level>FAILED</level>
  <class>com.kms.katalon.core.logging.KeywordLogger</class>
  <method>logMessage</method>
  <thread>1</thread>
  <message>Unable to click on object &amp;apos;Object Repository/TC_24_AM/Done_Button&amp;apos; (Root cause: org.openqa.selenium.WebDriverException: unknown error: Element &amp;lt;button type=\&amp;quot;button\&amp;quot; class=\&amp;quot;ui-datepicker-close ui-state-default ui-priority-primary ui-corner-all\&amp;quot; data-handler=\&amp;quot;hide\&amp;quot; data-event=\&amp;quot;click\&amp;quot;&amp;gt;...&amp;lt;/button&amp;gt; is not clickable at point (254, 471). Other element would receive the click: &amp;lt;div id=\&amp;quot;select2-drop-mask\&amp;quot; class=\&amp;quot;select2-drop-mask\&amp;quot; style=\&amp;quot;\&amp;quot;&amp;gt;&amp;lt;/div&amp;gt;\n  (Session info: chrome=67.0.3396.99)\n  (Driver info: chromedriver=2.35.528161 (5b82f2d2aae0ca24b877009200ced9065a772e73),platform=Windows NT 6.1.7601 SP1 x86_64) (WARNING: The server did not provide any stacktrace information)\nCommand duration or timeout: 0 milliseconds\nBuild info: version: &amp;apos;3.7.1&amp;apos;, revision: &amp;apos;8a0099a&amp;apos;, time: &amp;apos;2017-11-06T21:07:36.161Z&amp;apos;\nSystem info: host: &amp;apos;LT0021232&amp;apos;, ip: &amp;apos;10.50.88.74&amp;apos;, os.name: &amp;apos;Windows 7&amp;apos;, os.arch: &amp;apos;amd64&amp;apos;, os.version: &amp;apos;6.1&amp;apos;, java.version: &amp;apos;1.8.0_102&amp;apos;\nDriver info: com.kms.katalon.selenium.driver.CChromeDriver\nCapabilities {acceptInsecureCerts: false, acceptSslCerts: false, applicationCacheEnabled: false, browserConnectionEnabled: false, browserName: chrome, chrome: {chromedriverVersion: 2.35.528161 (5b82f2d2aae0ca..., userDataDir: C:\\Users\\ANKUR~1.JAI\\AppDat...}, cssSelectorsEnabled: true, databaseEnabled: false, handlesAlerts: true, hasTouchScreen: false, javascriptEnabled: true, locationContextEnabled: true, mobileEmulationEnabled: false, nativeEvents: true, networkConnectionEnabled: false, pageLoadStrategy: normal, platform: XP, platformName: XP, rotatable: false, setWindowRect: true, takesHeapSnapshot: true, takesScreenshot: true, unexpectedAlertBehaviour: , unhandledPromptBehavior: , version: 67.0.3396.99, webStorageEnabled: true}\nSession ID: 1970b9e062bacdbf38c081b106e813fd)</message>
  <nestedLevel>1</nestedLevel>
  <property name="attachment">1530773908218.png</property>
</record>
<record>
  <date>2018-07-05T12:28:28</date>
  <millis>1530773908652</millis>
  <sequence>165</sequence>
  <level>END</level>
  <class>com.kms.katalon.core.logging.KeywordLogger</class>
  <method>endKeyword</method>
  <thread>1</thread>
  <message>End action : click</message>
  <nestedLevel>1</nestedLevel>
</record>
<record>
  <date>2018-07-05T12:28:28</date>
  <millis>1530773908652</millis>
  <sequence>166</sequence>
  <logger>com.kms.katalon.core.logging.KeywordLogger</logger>
  <level>FAILED</level>
  <class>com.kms.katalon.core.logging.KeywordLogger</class>
  <method>logMessage</method>
  <thread>1</thread>
  <message>Test Cases/Alert Manager Test Cases/Alert Manager_Search Screen/TC25_Validate Advance search through Merchant id FAILED because (of) Unable to click on object &amp;apos;Object Repository/TC_24_AM/Done_Button&amp;apos; (Root cause: org.openqa.selenium.WebDriverException: unknown error: Element &amp;lt;button type=\&amp;quot;button\&amp;quot; class=\&amp;quot;ui-datepicker-close ui-state-default ui-priority-primary ui-corner-all\&amp;quot; data-handler=\&amp;quot;hide\&amp;quot; data-event=\&amp;quot;click\&amp;quot;&amp;gt;...&amp;lt;/button&amp;gt; is not clickable at point (254, 471). Other element would receive the click: &amp;lt;div id=\&amp;quot;select2-drop-mask\&amp;quot; class=\&amp;quot;select2-drop-mask\&amp;quot; style=\&amp;quot;\&amp;quot;&amp;gt;&amp;lt;/div&amp;gt;\n  (Session info: chrome=67.0.3396.99)\n  (Driver info: chromedriver=2.35.528161 (5b82f2d2aae0ca24b877009200ced9065a772e73),platform=Windows NT 6.1.7601 SP1 x86_64) (WARNING: The server did not provide any stacktrace information)\nCommand duration or timeout: 0 milliseconds\nBuild info: version: &amp;apos;3.7.1&amp;apos;, revision: &amp;apos;8a0099a&amp;apos;, time: &amp;apos;2017-11-06T21:07:36.161Z&amp;apos;\nSystem info: host: &amp;apos;LT0021232&amp;apos;, ip: &amp;apos;10.50.88.74&amp;apos;, os.name: &amp;apos;Windows 7&amp;apos;, os.arch: &amp;apos;amd64&amp;apos;, os.version: &amp;apos;6.1&amp;apos;, java.version: &amp;apos;1.8.0_102&amp;apos;\nDriver info: com.kms.katalon.selenium.driver.CChromeDriver\nCapabilities {acceptInsecureCerts: false, acceptSslCerts: false, applicationCacheEnabled: false, browserConnectionEnabled: false, browserName: chrome, chrome: {chromedriverVersion: 2.35.528161 (5b82f2d2aae0ca..., userDataDir: C:\\Users\\ANKUR~1.JAI\\AppDat...}, cssSelectorsEnabled: true, databaseEnabled: false, handlesAlerts: true, hasTouchScreen: false, javascriptEnabled: true, locationContextEnabled: true, mobileEmulationEnabled: false, nativeEvents: true, networkConnectionEnabled: false, pageLoadStrategy: normal, platform: XP, platformName: XP, rotatable: false, setWindowRect: true, takesHeapSnapshot: true, takesScreenshot: true, unexpectedAlertBehaviour: , unhandledPromptBehavior: , version: 67.0.3396.99, webStorageEnabled: true}\nSession ID: 1970b9e062bacdbf38c081b106e813fd)</message>
  <exception>
    <message>com.kms.katalon.core.exception.StepFailedException: Unable to click on object 'Object Repository/TC_24_AM/Done_Button' (Root cause: org.openqa.selenium.WebDriverException: unknown error: Element &lt;button type="button" class="ui-datepicker-close ui-state-default ui-priority-primary ui-corner-all" data-handler="hide" data-event="click"&gt;...&lt;/button&gt; is not clickable at point (254, 471). Other element would receive the click: &lt;div id="select2-drop-mask" class="select2-drop-mask" style=""&gt;&lt;/div&gt;
  (Session info: chrome=67.0.3396.99)
  (Driver info: chromedriver=2.35.528161 (5b82f2d2aae0ca24b877009200ced9065a772e73),platform=Windows NT 6.1.7601 SP1 x86_64) (WARNING: The server did not provide any stacktrace information)
Command duration or timeout: 0 milliseconds
Build info: version: '3.7.1', revision: '8a0099a', time: '2017-11-06T21:07:36.161Z'
System info: host: 'LT0021232', ip: '10.50.88.74', os.name: 'Windows 7', os.arch: 'amd64', os.version: '6.1', java.version: '1.8.0_102'
Driver info: com.kms.katalon.selenium.driver.CChromeDriver
Capabilities {acceptInsecureCerts: false, acceptSslCerts: false, applicationCacheEnabled: false, browserConnectionEnabled: false, browserName: chrome, chrome: {chromedriverVersion: 2.35.528161 (5b82f2d2aae0ca..., userDataDir: C:\Users\ANKUR~1.JAI\AppDat...}, cssSelectorsEnabled: true, databaseEnabled: false, handlesAlerts: true, hasTouchScreen: false, javascriptEnabled: true, locationContextEnabled: true, mobileEmulationEnabled: false, nativeEvents: true, networkConnectionEnabled: false, pageLoadStrategy: normal, platform: XP, platformName: XP, rotatable: false, setWindowRect: true, takesHeapSnapshot: true, takesScreenshot: true, unexpectedAlertBehaviour: , unhandledPromptBehavior: , version: 67.0.3396.99, webStorageEnabled: true}
Session ID: 1970b9e062bacdbf38c081b106e813fd)</message>
    <frame>
      <class>com.kms.katalon.core.keyword.internal.KeywordMain</class>
      <method>stepFailed</method>
      <line>36</line>
    </frame>
    <frame>
      <class>com.kms.katalon.core.webui.keyword.internal.WebUIKeywordMain</class>
      <method>stepFailed</method>
      <line>65</line>
    </frame>
    <frame>
      <class>com.kms.katalon.core.webui.keyword.internal.WebUIKeywordMain</class>
      <method>runKeyword</method>
      <line>27</line>
    </frame>
    <frame>
      <class>com.kms.katalon.core.webui.keyword.builtin.ClickKeyword</class>
      <method>click</method>
      <line>86</line>
    </frame>
    <frame>
      <class>com.kms.katalon.core.webui.keyword.builtin.ClickKeyword</class>
      <method>execute</method>
      <line>67</line>
    </frame>
    <frame>
      <class>com.kms.katalon.core.keyword.internal.KeywordExecutor</class>
      <method>executeKeywordForPlatform</method>
      <line>53</line>
    </frame>
    <frame>
      <class>com.kms.katalon.core.webui.keyword.WebUiBuiltInKeywords</class>
      <method>click</method>
      <line>616</line>
    </frame>
    <frame>
      <class>com.kms.katalon.core.webui.keyword.WebUiBuiltInKeywords$click$3</class>
      <method>call</method>
    </frame>
    <frame>
      <class>org.codehaus.groovy.runtime.callsite.CallSiteArray</class>
      <method>defaultCall</method>
      <line>48</line>
    </frame>
    <frame>
      <class>org.codehaus.groovy.runtime.callsite.AbstractCallSite</class>
      <method>call</method>
      <line>113</line>
    </frame>
    <frame>
      <class>org.codehaus.groovy.runtime.callsite.AbstractCallSite</class>
      <method>call</method>
      <line>125</line>
    </frame>
    <frame>
      <class>Script1530770804493</class>
      <method>run</method>
      <line>25</line>
    </frame>
    <frame>
      <class>com.kms.katalon.core.main.ScriptEngine</class>
      <method>run</method>
      <line>183</line>
    </frame>
    <frame>
      <class>com.kms.katalon.core.main.ScriptEngine</class>
      <method>runScriptAsRawText</method>
      <line>108</line>
    </frame>
    <frame>
      <class>com.kms.katalon.core.main.TestCaseExecutor</class>
      <method>runScript</method>
      <line>295</line>
    </frame>
    <frame>
      <class>com.kms.katalon.core.main.TestCaseExecutor</class>
      <method>doExecute</method>
      <line>286</line>
    </frame>
    <frame>
      <class>com.kms.katalon.core.main.TestCaseExecutor</class>
      <method>processExecutionPhase</method>
      <line>265</line>
    </frame>
    <frame>
      <class>com.kms.katalon.core.main.TestCaseExecutor</class>
      <method>accessMainPhase</method>
      <line>257</line>
    </frame>
    <frame>
      <class>com.kms.katalon.core.main.TestCaseExecutor</class>
      <method>execute</method>
      <line>201</line>
    </frame>
    <frame>
      <class>com.kms.katalon.core.main.TestSuiteExecutor</class>
      <method>accessTestCaseMainPhase</method>
      <line>129</line>
    </frame>
    <frame>
      <class>com.kms.katalon.core.main.TestSuiteExecutor</class>
      <method>accessTestSuiteMainPhase</method>
      <line>112</line>
    </frame>
    <frame>
      <class>com.kms.katalon.core.main.TestSuiteExecutor</class>
      <method>execute</method>
      <line>81</line>
    </frame>
    <frame>
      <class>com.kms.katalon.core.main.TestCaseMain</class>
      <method>startTestSuite</method>
      <line>106</line>
    </frame>
    <frame>
      <class>com.kms.katalon.core.main.TestCaseMain$startTestSuite$0</class>
      <method>call</method>
    </frame>
    <frame>
      <class>org.codehaus.groovy.runtime.callsite.CallSiteArray</class>
      <method>defaultCall</method>
      <line>48</line>
    </frame>
    <frame>
      <class>org.codehaus.groovy.runtime.callsite.AbstractCallSite</class>
      <method>call</method>
      <line>113</line>
    </frame>
    <frame>
      <class>org.codehaus.groovy.runtime.callsite.AbstractCallSite</class>
      <method>call</method>
      <line>141</line>
    </frame>
    <frame>
      <class>TempTestSuite1530773858752</class>
      <method>run</method>
      <line>35</line>
    </frame>
    <frame>
      <class>groovy.lang.GroovyShell</class>
      <method>runScriptOrMainOrTestOrRunnable</method>
      <line>263</line>
    </frame>
    <frame>
      <class>groovy.lang.GroovyShell</class>
      <method>run</method>
      <line>518</line>
    </frame>
    <frame>
      <class>groovy.lang.GroovyShell</class>
      <method>run</method>
      <line>507</line>
    </frame>
    <frame>
      <class>groovy.ui.GroovyMain</class>
      <method>processOnce</method>
      <line>653</line>
    </frame>
    <frame>
      <class>groovy.ui.GroovyMain</class>
      <method>run</method>
      <line>384</line>
    </frame>
    <frame>
      <class>groovy.ui.GroovyMain</class>
      <method>process</method>
      <line>370</line>
    </frame>
    <frame>
      <class>groovy.ui.GroovyMain</class>
      <method>processArgs</method>
      <line>129</line>
    </frame>
    <frame>
      <class>groovy.ui.GroovyMain</class>
      <method>main</method>
      <line>109</line>
    </frame>
    <frame>
      <class>sun.reflect.NativeMethodAccessorImpl</class>
      <method>invoke0</method>
    </frame>
    <frame>
      <class>sun.reflect.NativeMethodAccessorImpl</class>
      <method>invoke</method>
      <line>62</line>
    </frame>
    <frame>
      <class>sun.reflect.DelegatingMethodAccessorImpl</class>
      <method>invoke</method>
      <line>43</line>
    </frame>
    <frame>
      <class>java.lang.reflect.Method</class>
      <method>invoke</method>
      <line>498</line>
    </frame>
    <frame>
      <class>org.codehaus.groovy.tools.GroovyStarter</class>
      <method>rootLoader</method>
      <line>109</line>
    </frame>
    <frame>
      <class>org.codehaus.groovy.tools.GroovyStarter</class>
      <method>main</method>
      <line>131</line>
    </frame>
  </exception>
  <nestedLevel>0</nestedLevel>
</record>
<record>
  <date>2018-07-05T12:28:28</date>
  <millis>1530773908653</millis>
  <sequence>167</sequence>
  <level>END</level>
  <class>com.kms.katalon.core.logging.KeywordLogger</class>
  <method>endTest</method>
  <thread>1</thread>
  <message>End Test Case : Test Cases/Alert Manager Test Cases/Alert Manager_Search Screen/TC25_Validate Advance search through Merchant id</message>
  <nestedLevel>0</nestedLevel>
</record>
<record>
  <date>2018-07-05T12:28:30</date>
  <millis>1530773910534</millis>
  <sequence>168</sequence>
  <level>END</level>
  <class>com.kms.katalon.core.logging.KeywordLogger</class>
  <method>endSuite</method>
  <thread>1</thread>
  <message>End Test Suite : Test Suites/New Suite</message>
  <nestedLevel>0</nestedLevel>
</record>
</log>
